<?xml version="1.0" encoding="UTF-8"?>
<testsuite name="com.sunjoy.trm.security.TrmWebApplicationTests" time="0.001" tests="1" errors="1" skipped="0" failures="0">
  <properties>
[...]
</properties>
  <testcase name="initializationError" classname="com.sunjoy.trm.security.TrmWebApplicationTests" time="0.001">
    <error message="Unable to find a @SpringBootConfiguration, you need to use @ContextConfiguration or @SpringBootTest(classes=...) with your test" type="java.lang.IllegalStateException"><![CDATA[java.lang.IllegalStateException: Unable to find a @SpringBootConfiguration, you need to use @ContextConfiguration or @SpringBootTest(classes=...) with your test
	at org.springframework.util.Assert.state(Assert.java:70)
	at org.springframework.boot.test.context.SpringBootTestContextBootstrapper.getOrFindConfigurationClasses(SpringBootTestContextBootstrapper.java:202)
	at org.springframework.boot.test.context.SpringBootTestContextBootstrapper.processMergedContextConfiguration(SpringBootTestContextBootstrapper.java:137)
	at org.springframework.test.context.support.AbstractTestContextBootstrapper.buildMergedContextConfiguration(AbstractTestContextBootstrapper.java:397)
	at org.springframework.test.context.support.AbstractTestContextBootstrapper.buildDefaultMergedContextConfiguration(AbstractTestContextBootstrapper.java:311)
	at org.springframework.test.context.support.AbstractTestContextBootstrapper.buildMergedContextConfiguration(AbstractTestContextBootstrapper.java:265)
	at org.springframework.test.context.support.AbstractTestContextBootstrapper.buildTestContext(AbstractTestContextBootstrapper.java:105)
	at org.springframework.boot.test.context.SpringBootTestContextBootstrapper.buildTestContext(SpringBootTestContextBootstrapper.java:82)
	at org.springframework.test.context.TestContextManager.<init>(TestContextManager.java:120)
	at org.springframework.test.context.TestContextManager.<init>(TestContextManager.java:105)
	at org.springframework.test.context.junit4.SpringJUnit4ClassRunner.createTestContextManager(SpringJUnit4ClassRunner.java:152)
	at org.springframework.test.context.junit4.SpringJUnit4ClassRunner.<init>(SpringJUnit4ClassRunner.java:143)
	at org.springframework.test.context.junit4.SpringRunner.<init>(SpringRunner.java:49)
	at sun.reflect.NativeConstructorAccessorImpl.newInstance0(Native Method)
	at sun.reflect.NativeConstructorAccessorImpl.newInstance(NativeConstructorAccessorImpl.java:62)
	at sun.reflect.DelegatingConstructorAccessorImpl.newInstance(DelegatingConstructorAccessorImpl.java:45)
	at java.lang.reflect.Constructor.newInstance(Constructor.java:423)
	at org.junit.internal.builders.AnnotatedBuilder.buildRunner(AnnotatedBuilder.java:104)
	at org.junit.internal.builders.AnnotatedBuilder.runnerForClass(AnnotatedBuilder.java:86)
	at org.junit.runners.model.RunnerBuilder.safeRunnerForClass(RunnerBuilder.java:59)
	at org.junit.internal.builders.AllDefaultPossibilitiesBuilder.runnerForClass(AllDefaultPossibilitiesBuilder.java:26)
	at org.junit.runners.model.RunnerBuilder.safeRunnerForClass(RunnerBuilder.java:59)
	at org.junit.internal.requests.ClassRequest.getRunner(ClassRequest.java:33)
	at org.apache.maven.surefire.junit4.JUnit4Provider.execute(JUnit4Provider.java:283)
	at org.apache.maven.surefire.junit4.JUnit4Provider.executeWithRerun(JUnit4Provider.java:173)
	at org.apache.maven.surefire.junit4.JUnit4Provider.executeTestSet(JUnit4Provider.java:153)
	at org.apache.maven.surefire.junit4.JUnit4Provider.invoke(JUnit4Provider.java:128)
	at org.apache.maven.surefire.booter.ForkedBooter.invokeProviderInSameClassLoader(ForkedBooter.java:203)
	at org.apache.maven.surefire.booter.ForkedBooter.runSuitesInProcess(ForkedBooter.java:155)
	at org.apache.maven.surefire.booter.ForkedBooter.main(ForkedBooter.java:103)
]]></error>
    <system-out><![CDATA[15:15:15.882 [main] DEBUG org.springframework.test.context.junit4.SpringJUnit4ClassRunner - SpringJUnit4ClassRunner constructor called with [class com.sunjoy.trm.security.TrmWebApplicationTests]
15:15:15.888 [main] DEBUG org.springframework.test.context.BootstrapUtils - Instantiating CacheAwareContextLoaderDelegate from class [org.springframework.test.context.cache.DefaultCacheAwareContextLoaderDelegate]
15:15:15.895 [main] DEBUG org.springframework.test.context.BootstrapUtils - Instantiating BootstrapContext using constructor [public org.springframework.test.context.support.DefaultBootstrapContext(java.lang.Class,org.springframework.test.context.CacheAwareContextLoaderDelegate)]
15:15:15.912 [main] DEBUG org.springframework.test.context.BootstrapUtils - Instantiating TestContextBootstrapper for test class [com.sunjoy.trm.security.TrmWebApplicationTests] from class [org.springframework.boot.test.context.SpringBootTestContextBootstrapper]
15:15:15.924 [main] INFO org.springframework.boot.test.context.SpringBootTestContextBootstrapper - Neither @ContextConfiguration nor @ContextHierarchy found for test class [com.sunjoy.trm.security.TrmWebApplicationTests], using SpringBootContextLoader
15:15:15.930 [main] DEBUG org.springframework.test.context.support.AbstractContextLoader - Did not detect default resource location for test class [com.sunjoy.trm.security.TrmWebApplicationTests]: class path resource [com/sunjoy/trm/security/TrmWebApplicationTests-context.xml] does not exist
15:15:15.931 [main] DEBUG org.springframework.test.context.support.AbstractContextLoader - Did not detect default resource location for test class [com.sunjoy.trm.security.TrmWebApplicationTests]: class path resource [com/sunjoy/trm/security/TrmWebApplicationTestsContext.groovy] does not exist
15:15:15.931 [main] INFO org.springframework.test.context.support.AbstractContextLoader - Could not detect default resource locations for test class [com.sunjoy.trm.security.TrmWebApplicationTests]: no resource found for suffixes {-context.xml, Context.groovy}.
15:15:15.932 [main] INFO org.springframework.test.context.support.AnnotationConfigContextLoaderUtils - Could not detect default configuration classes for test class [com.sunjoy.trm.security.TrmWebApplicationTests]: TrmWebApplicationTests does not declare any static, non-private, non-final, nested classes annotated with @Configuration.
15:15:15.976 [main] DEBUG org.springframework.test.context.support.ActiveProfilesUtils - Could not find an 'annotation declaring class' for annotation type [org.springframework.test.context.ActiveProfiles] and class [com.sunjoy.trm.security.TrmWebApplicationTests]
15:15:15.985 [main] DEBUG org.springframework.core.env.StandardEnvironment - Adding PropertySource 'systemProperties' with lowest search precedence
15:15:15.985 [main] DEBUG org.springframework.core.env.StandardEnvironment - Adding PropertySource 'systemEnvironment' with lowest search precedence
15:15:15.986 [main] DEBUG org.springframework.core.env.StandardEnvironment - Initialized StandardEnvironment with PropertySources [MapPropertySource@2050835901 {name='systemProperties', properties={java.runtime.name=Java(TM) SE Runtime Environment, sun.boot.library.path=C:\Program Files\Java\jdk1.8.0_151\jre\bin, java.vm.version=25.151-b12, java.vm.vendor=Oracle Corporation, java.vendor.url=http://java.oracle.com/, path.separator=;, java.vm.name=Java HotSpot(TM) 64-Bit Server VM, file.encoding.pkg=sun.io, user.country=CN, user.script=, sun.java.launcher=SUN_STANDARD, sun.os.patch.level=Service Pack 1, java.vm.specification.name=Java Virtual Machine Specification, user.dir=D:\workspace\sunjoy-trm\sunjoy-framework\sunjoy-framework-client, java.runtime.version=1.8.0_151-b12, basedir=D:\workspace\sunjoy-trm\sunjoy-framework\sunjoy-framework-client, java.awt.graphicsenv=sun.awt.Win32GraphicsEnvironment, java.endorsed.dirs=C:\Program Files\Java\jdk1.8.0_151\jre\lib\endorsed, os.arch=amd64, surefire.real.class.path=D:\workspace\sunjoy-trm\sunjoy-framework\sunjoy-framework-client\target\surefire\surefirebooter5780816618148337850.jar, java.io.tmpdir=C:\Users\LIUGAN~1.HDS\AppData\Local\Temp\, line.separator=
, java.vm.specification.vendor=Oracle Corporation, user.variant=, os.name=Windows 7, sun.jnu.encoding=GBK, java.library.path=C:\Program Files\Java\jdk1.8.0_151\jre\bin;C:\Windows\Sun\Java\bin;C:\Windows\system32;C:\Windows;C:/Program Files/Java/jdk1.8.0_151/bin/../jre/bin/server;C:/Program Files/Java/jdk1.8.0_151/bin/../jre/bin;C:/Program Files/Java/jdk1.8.0_151/bin/../jre/lib/amd64;.;D:\installed\gradle-4.5\bin;C:\Program Files\Java\jdk1.8.0_151\bin;C:\ProgramData\Oracle\Java\javapath;C:\Program Files (x86)\Intel\iCLS Client\;C:\Program Files\Intel\iCLS Client\;C:\Windows\system32;C:\Windows;C:\Windows\System32\Wbem;C:\Windows\System32\WindowsPowerShell\v1.0\;C:\Program Files (x86)\Intel\UCRT\;C:\Program Files\Intel\UCRT\;C:\Program Files (x86)\Intel\Intel(R) Management Engine Components\DAL;C:\Program Files\Intel\Intel(R) Management Engine Components\DAL;C:\Program Files (x86)\Intel\Intel(R) Management Engine Components\IPT;C:\Program Files\Intel\Intel(R) Management Engine Components\IPT;C:\Program Files\nodejs\;C:\Program Files\TortoiseSVN\bin;C:\Program Files\Git\cmd;C:\Program Files\TortoiseGit\bin;C:\Program Files\PuTTY\;C:\Users\liuganchao.HDSC\AppData\Roaming\npm\node_modules\vue-cli\\bin;D:\installed\eclipse;;., surefire.test.class.path=D:\workspace\sunjoy-trm\sunjoy-framework\sunjoy-framework-client\target\test-classes;D:\workspace\sunjoy-trm\sunjoy-framework\sunjoy-framework-client\target\classes;D:\maven_repo\org\springframework\cloud\spring-cloud-starter-eureka\1.4.4.RELEASE\spring-cloud-starter-eureka-1.4.4.RELEASE.jar;D:\maven_repo\org\springframework\cloud\spring-cloud-starter-netflix-eureka-client\1.4.4.RELEASE\spring-cloud-starter-netflix-eureka-client-1.4.4.RELEASE.jar;D:\maven_repo\org\springframework\boot\spring-boot-starter-web\1.5.10.RELEASE\spring-boot-starter-web-1.5.10.RELEASE.jar;D:\maven_repo\org\springframework\boot\spring-boot-starter-tomcat\1.5.10.RELEASE\spring-boot-starter-tomcat-1.5.10.RELEASE.jar;D:\maven_repo\org\apache\tomcat\embed\tomcat-embed-core\8.5.27\tomcat-embed-core-8.5.27.jar;D:\maven_repo\org\apache\tomcat\tomcat-annotations-api\8.5.27\tomcat-annotations-api-8.5.27.jar;D:\maven_repo\org\apache\tomcat\embed\tomcat-embed-el\8.5.27\tomcat-embed-el-8.5.27.jar;D:\maven_repo\org\apache\tomcat\embed\tomcat-embed-websocket\8.5.27\tomcat-embed-websocket-8.5.27.jar;D:\maven_repo\org\hibernate\hibernate-validator\5.3.6.Final\hibernate-validator-5.3.6.Final.jar;D:\maven_repo\javax\validation\validation-api\1.1.0.Final\validation-api-1.1.0.Final.jar;D:\maven_repo\org\jboss\logging\jboss-logging\3.3.1.Final\jboss-logging-3.3.1.Final.jar;D:\maven_repo\com\fasterxml\classmate\1.3.4\classmate-1.3.4.jar;D:\maven_repo\com\fasterxml\jackson\core\jackson-databind\2.8.10\jackson-databind-2.8.10.jar;D:\maven_repo\org\springframework\spring-webmvc\4.3.14.RELEASE\spring-webmvc-4.3.14.RELEASE.jar;D:\maven_repo\org\springframework\spring-expression\4.3.14.RELEASE\spring-expression-4.3.14.RELEASE.jar;D:\maven_repo\org\springframework\cloud\spring-cloud-starter\1.3.3.RELEASE\spring-cloud-starter-1.3.3.RELEASE.jar;D:\maven_repo\org\springframework\cloud\spring-cloud-context\1.3.3.RELEASE\spring-cloud-context-1.3.3.RELEASE.jar;D:\maven_repo\org\springframework\security\spring-security-rsa\1.0.3.RELEASE\spring-security-rsa-1.0.3.RELEASE.jar;D:\maven_repo\org\bouncycastle\bcpkix-jdk15on\1.55\bcpkix-jdk15on-1.55.jar;D:\maven_repo\org\bouncycastle\bcprov-jdk15on\1.55\bcprov-jdk15on-1.55.jar;D:\maven_repo\org\springframework\cloud\spring-cloud-netflix-core\1.4.4.RELEASE\spring-cloud-netflix-core-1.4.4.RELEASE.jar;D:\maven_repo\org\springframework\cloud\spring-cloud-netflix-eureka-client\1.4.4.RELEASE\spring-cloud-netflix-eureka-client-1.4.4.RELEASE.jar;D:\maven_repo\com\netflix\eureka\eureka-client\1.7.2\eureka-client-1.7.2.jar;D:\maven_repo\org\codehaus\jettison\jettison\1.3.7\jettison-1.3.7.jar;D:\maven_repo\stax\stax-api\1.0.1\stax-api-1.0.1.jar;D:\maven_repo\com\netflix\netflix-commons\netflix-eventbus\0.3.0\netflix-eventbus-0.3.0.jar;D:\maven_repo\com\netflix\netflix-commons\netflix-infix\0.3.0\netflix-infix-0.3.0.jar;D:\maven_repo\commons-jxpath\commons-jxpath\1.3\commons-jxpath-1.3.jar;D:\maven_repo\joda-time\joda-time\2.9.9\joda-time-2.9.9.jar;D:\maven_repo\org\antlr\antlr-runtime\3.4\antlr-runtime-3.4.jar;D:\maven_repo\org\antlr\stringtemplate\3.2.1\stringtemplate-3.2.1.jar;D:\maven_repo\antlr\antlr\2.7.7\antlr-2.7.7.jar;D:\maven_repo\com\google\code\gson\gson\2.8.2\gson-2.8.2.jar;D:\maven_repo\org\apache\commons\commons-math\2.2\commons-math-2.2.jar;D:\maven_repo\com\netflix\archaius\archaius-core\0.7.4\archaius-core-0.7.4.jar;D:\maven_repo\javax\ws\rs\jsr311-api\1.1.1\jsr311-api-1.1.1.jar;D:\maven_repo\com\netflix\servo\servo-core\0.10.1\servo-core-0.10.1.jar;D:\maven_repo\com\netflix\servo\servo-internal\0.10.1\servo-internal-0.10.1.jar;D:\maven_repo\com\sun\jersey\jersey-core\1.19.1\jersey-core-1.19.1.jar;D:\maven_repo\com\sun\jersey\jersey-client\1.19.1\jersey-client-1.19.1.jar;D:\maven_repo\com\sun\jersey\contribs\jersey-apache-client4\1.19.1\jersey-apache-client4-1.19.1.jar;D:\maven_repo\org\apache\httpcomponents\httpclient\4.5.5\httpclient-4.5.5.jar;D:\maven_repo\org\apache\httpcomponents\httpcore\4.4.9\httpcore-4.4.9.jar;D:\maven_repo\commons-codec\commons-codec\1.10\commons-codec-1.10.jar;D:\maven_repo\com\google\inject\guice\4.1.0\guice-4.1.0.jar;D:\maven_repo\javax\inject\javax.inject\1\javax.inject-1.jar;D:\maven_repo\aopalliance\aopalliance\1.0\aopalliance-1.0.jar;D:\maven_repo\com\fasterxml\jackson\core\jackson-annotations\2.8.0\jackson-annotations-2.8.0.jar;D:\maven_repo\com\fasterxml\jackson\core\jackson-core\2.8.10\jackson-core-2.8.10.jar;D:\maven_repo\com\netflix\eureka\eureka-core\1.7.2\eureka-core-1.7.2.jar;D:\maven_repo\org\codehaus\woodstox\woodstox-core-asl\4.4.1\woodstox-core-asl-4.4.1.jar;D:\maven_repo\javax\xml\stream\stax-api\1.0-2\stax-api-1.0-2.jar;D:\maven_repo\org\codehaus\woodstox\stax2-api\3.1.4\stax2-api-3.1.4.jar;D:\maven_repo\org\springframework\cloud\spring-cloud-starter-netflix-archaius\1.4.4.RELEASE\spring-cloud-starter-netflix-archaius-1.4.4.RELEASE.jar;D:\maven_repo\commons-configuration\commons-configuration\1.8\commons-configuration-1.8.jar;D:\maven_repo\commons-lang\commons-lang\2.6\commons-lang-2.6.jar;D:\maven_repo\com\google\guava\guava\19.0\guava-19.0.jar;D:\maven_repo\org\springframework\cloud\spring-cloud-starter-netflix-ribbon\1.4.4.RELEASE\spring-cloud-starter-netflix-ribbon-1.4.4.RELEASE.jar;D:\maven_repo\com\netflix\ribbon\ribbon\2.2.5\ribbon-2.2.5.jar;D:\maven_repo\com\netflix\ribbon\ribbon-transport\2.2.5\ribbon-transport-2.2.5.jar;D:\maven_repo\io\reactivex\rxnetty-contexts\0.4.9\rxnetty-contexts-0.4.9.jar;D:\maven_repo\io\reactivex\rxnetty-servo\0.4.9\rxnetty-servo-0.4.9.jar;D:\maven_repo\io\reactivex\rxnetty\0.4.9\rxnetty-0.4.9.jar;D:\maven_repo\io\netty\netty-codec-http\4.0.27.Final\netty-codec-http-4.0.27.Final.jar;D:\maven_repo\io\netty\netty-codec\4.0.27.Final\netty-codec-4.0.27.Final.jar;D:\maven_repo\io\netty\netty-handler\4.0.27.Final\netty-handler-4.0.27.Final.jar;D:\maven_repo\io\netty\netty-transport-native-epoll\4.0.27.Final\netty-transport-native-epoll-4.0.27.Final.jar;D:\maven_repo\io\netty\netty-common\4.0.27.Final\netty-common-4.0.27.Final.jar;D:\maven_repo\io\netty\netty-buffer\4.0.27.Final\netty-buffer-4.0.27.Final.jar;D:\maven_repo\io\netty\netty-transport\4.0.27.Final\netty-transport-4.0.27.Final.jar;D:\maven_repo\com\netflix\ribbon\ribbon-core\2.2.5\ribbon-core-2.2.5.jar;D:\maven_repo\com\netflix\ribbon\ribbon-httpclient\2.2.5\ribbon-httpclient-2.2.5.jar;D:\maven_repo\commons-collections\commons-collections\3.2.2\commons-collections-3.2.2.jar;D:\maven_repo\com\netflix\netflix-commons\netflix-commons-util\0.1.1\netflix-commons-util-0.1.1.jar;D:\maven_repo\com\netflix\ribbon\ribbon-loadbalancer\2.2.5\ribbon-loadbalancer-2.2.5.jar;D:\maven_repo\com\netflix\netflix-commons\netflix-statistics\0.1.1\netflix-statistics-0.1.1.jar;D:\maven_repo\io\reactivex\rxjava\1.2.0\rxjava-1.2.0.jar;D:\maven_repo\com\netflix\ribbon\ribbon-eureka\2.2.5\ribbon-eureka-2.2.5.jar;D:\maven_repo\com\thoughtworks\xstream\xstream\1.4.10\xstream-1.4.10.jar;D:\maven_repo\xmlpull\xmlpull\1.1.3.1\xmlpull-1.1.3.1.jar;D:\maven_repo\xpp3\xpp3_min\1.1.4c\xpp3_min-1.1.4c.jar;D:\maven_repo\org\springframework\cloud\spring-cloud-starter-feign\1.4.4.RELEASE\spring-cloud-starter-feign-1.4.4.RELEASE.jar;D:\maven_repo\org\springframework\cloud\spring-cloud-starter-openfeign\1.4.4.RELEASE\spring-cloud-starter-openfeign-1.4.4.RELEASE.jar;D:\maven_repo\org\springframework\spring-web\4.3.14.RELEASE\spring-web-4.3.14.RELEASE.jar;D:\maven_repo\org\springframework\spring-context\4.3.14.RELEASE\spring-context-4.3.14.RELEASE.jar;D:\maven_repo\org\springframework\cloud\spring-cloud-commons\1.3.3.RELEASE\spring-cloud-commons-1.3.3.RELEASE.jar;D:\maven_repo\org\springframework\security\spring-security-crypto\4.2.4.RELEASE\spring-security-crypto-4.2.4.RELEASE.jar;D:\maven_repo\io\github\openfeign\feign-core\9.5.0\feign-core-9.5.0.jar;D:\maven_repo\org\jvnet\animal-sniffer-annotation\1.0\animal-sniffer-annotation-1.0.jar;D:\maven_repo\io\github\openfeign\feign-slf4j\9.5.0\feign-slf4j-9.5.0.jar;D:\maven_repo\io\github\openfeign\feign-hystrix\9.5.0\feign-hystrix-9.5.0.jar;D:\maven_repo\com\netflix\hystrix\hystrix-core\1.5.12\hystrix-core-1.5.12.jar;D:\maven_repo\org\hdrhistogram\HdrHistogram\2.1.9\HdrHistogram-2.1.9.jar;D:\maven_repo\org\springframework\boot\spring-boot-starter-aop\1.5.10.RELEASE\spring-boot-starter-aop-1.5.10.RELEASE.jar;D:\maven_repo\org\springframework\boot\spring-boot-starter\1.5.10.RELEASE\spring-boot-starter-1.5.10.RELEASE.jar;D:\maven_repo\org\springframework\boot\spring-boot\1.5.10.RELEASE\spring-boot-1.5.10.RELEASE.jar;D:\maven_repo\org\springframework\boot\spring-boot-autoconfigure\1.5.10.RELEASE\spring-boot-autoconfigure-1.5.10.RELEASE.jar;D:\maven_repo\org\springframework\boot\spring-boot-starter-logging\1.5.10.RELEASE\spring-boot-starter-logging-1.5.10.RELEASE.jar;D:\maven_repo\ch\qos\logback\logback-classic\1.1.11\logback-classic-1.1.11.jar;D:\maven_repo\ch\qos\logback\logback-core\1.1.11\logback-core-1.1.11.jar;D:\maven_repo\org\slf4j\jcl-over-slf4j\1.7.25\jcl-over-slf4j-1.7.25.jar;D:\maven_repo\org\slf4j\jul-to-slf4j\1.7.25\jul-to-slf4j-1.7.25.jar;D:\maven_repo\org\slf4j\log4j-over-slf4j\1.7.25\log4j-over-slf4j-1.7.25.jar;D:\maven_repo\org\yaml\snakeyaml\1.17\snakeyaml-1.17.jar;D:\maven_repo\org\springframework\spring-aop\4.3.14.RELEASE\spring-aop-4.3.14.RELEASE.jar;D:\maven_repo\org\springframework\spring-beans\4.3.14.RELEASE\spring-beans-4.3.14.RELEASE.jar;D:\maven_repo\org\aspectj\aspectjweaver\1.8.13\aspectjweaver-1.8.13.jar;D:\maven_repo\org\springframework\boot\spring-boot-starter-test\1.5.10.RELEASE\spring-boot-starter-test-1.5.10.RELEASE.jar;D:\maven_repo\org\springframework\boot\spring-boot-test\1.5.10.RELEASE\spring-boot-test-1.5.10.RELEASE.jar;D:\maven_repo\org\springframework\boot\spring-boot-test-autoconfigure\1.5.10.RELEASE\spring-boot-test-autoconfigure-1.5.10.RELEASE.jar;D:\maven_repo\com\jayway\jsonpath\json-path\2.2.0\json-path-2.2.0.jar;D:\maven_repo\net\minidev\json-smart\2.2.1\json-smart-2.2.1.jar;D:\maven_repo\net\minidev\accessors-smart\1.1\accessors-smart-1.1.jar;D:\maven_repo\org\ow2\asm\asm\5.0.3\asm-5.0.3.jar;D:\maven_repo\org\slf4j\slf4j-api\1.7.25\slf4j-api-1.7.25.jar;D:\maven_repo\junit\junit\4.12\junit-4.12.jar;D:\maven_repo\org\assertj\assertj-core\2.6.0\assertj-core-2.6.0.jar;D:\maven_repo\org\mockito\mockito-core\1.10.19\mockito-core-1.10.19.jar;D:\maven_repo\org\objenesis\objenesis\2.1\objenesis-2.1.jar;D:\maven_repo\org\hamcrest\hamcrest-core\1.3\hamcrest-core-1.3.jar;D:\maven_repo\org\hamcrest\hamcrest-library\1.3\hamcrest-library-1.3.jar;D:\maven_repo\org\skyscreamer\jsonassert\1.4.0\jsonassert-1.4.0.jar;D:\maven_repo\com\vaadin\external\google\android-json\0.0.20131108.vaadin1\android-json-0.0.20131108.vaadin1.jar;D:\maven_repo\org\springframework\spring-core\4.3.14.RELEASE\spring-core-4.3.14.RELEASE.jar;D:\maven_repo\org\springframework\spring-test\4.3.14.RELEASE\spring-test-4.3.14.RELEASE.jar;, java.specification.name=Java Platform API Specification, java.class.version=52.0, sun.management.compiler=HotSpot 64-Bit Tiered Compilers, os.version=6.1, user.home=C:\Users\liuganchao.HDSC, user.timezone=Asia/Shanghai, java.awt.printerjob=sun.awt.windows.WPrinterJob, file.encoding=GBK, java.specification.version=1.8, java.class.path=D:\workspace\sunjoy-trm\sunjoy-framework\sunjoy-framework-client\target\test-classes;D:\workspace\sunjoy-trm\sunjoy-framework\sunjoy-framework-client\target\classes;D:\maven_repo\org\springframework\cloud\spring-cloud-starter-eureka\1.4.4.RELEASE\spring-cloud-starter-eureka-1.4.4.RELEASE.jar;D:\maven_repo\org\springframework\cloud\spring-cloud-starter-netflix-eureka-client\1.4.4.RELEASE\spring-cloud-starter-netflix-eureka-client-1.4.4.RELEASE.jar;D:\maven_repo\org\springframework\boot\spring-boot-starter-web\1.5.10.RELEASE\spring-boot-starter-web-1.5.10.RELEASE.jar;D:\maven_repo\org\springframework\boot\spring-boot-starter-tomcat\1.5.10.RELEASE\spring-boot-starter-tomcat-1.5.10.RELEASE.jar;D:\maven_repo\org\apache\tomcat\embed\tomcat-embed-core\8.5.27\tomcat-embed-core-8.5.27.jar;D:\maven_repo\org\apache\tomcat\tomcat-annotations-api\8.5.27\tomcat-annotations-api-8.5.27.jar;D:\maven_repo\org\apache\tomcat\embed\tomcat-embed-el\8.5.27\tomcat-embed-el-8.5.27.jar;D:\maven_repo\org\apache\tomcat\embed\tomcat-embed-websocket\8.5.27\tomcat-embed-websocket-8.5.27.jar;D:\maven_repo\org\hibernate\hibernate-validator\5.3.6.Final\hibernate-validator-5.3.6.Final.jar;D:\maven_repo\javax\validation\validation-api\1.1.0.Final\validation-api-1.1.0.Final.jar;D:\maven_repo\org\jboss\logging\jboss-logging\3.3.1.Final\jboss-logging-3.3.1.Final.jar;D:\maven_repo\com\fasterxml\classmate\1.3.4\classmate-1.3.4.jar;D:\maven_repo\com\fasterxml\jackson\core\jackson-databind\2.8.10\jackson-databind-2.8.10.jar;D:\maven_repo\org\springframework\spring-webmvc\4.3.14.RELEASE\spring-webmvc-4.3.14.RELEASE.jar;D:\maven_repo\org\springframework\spring-expression\4.3.14.RELEASE\spring-expression-4.3.14.RELEASE.jar;D:\maven_repo\org\springframework\cloud\spring-cloud-starter\1.3.3.RELEASE\spring-cloud-starter-1.3.3.RELEASE.jar;D:\maven_repo\org\springframework\cloud\spring-cloud-context\1.3.3.RELEASE\spring-cloud-context-1.3.3.RELEASE.jar;D:\maven_repo\org\springframework\security\spring-security-rsa\1.0.3.RELEASE\spring-security-rsa-1.0.3.RELEASE.jar;D:\maven_repo\org\bouncycastle\bcpkix-jdk15on\1.55\bcpkix-jdk15on-1.55.jar;D:\maven_repo\org\bouncycastle\bcprov-jdk15on\1.55\bcprov-jdk15on-1.55.jar;D:\maven_repo\org\springframework\cloud\spring-cloud-netflix-core\1.4.4.RELEASE\spring-cloud-netflix-core-1.4.4.RELEASE.jar;D:\maven_repo\org\springframework\cloud\spring-cloud-netflix-eureka-client\1.4.4.RELEASE\spring-cloud-netflix-eureka-client-1.4.4.RELEASE.jar;D:\maven_repo\com\netflix\eureka\eureka-client\1.7.2\eureka-client-1.7.2.jar;D:\maven_repo\org\codehaus\jettison\jettison\1.3.7\jettison-1.3.7.jar;D:\maven_repo\stax\stax-api\1.0.1\stax-api-1.0.1.jar;D:\maven_repo\com\netflix\netflix-commons\netflix-eventbus\0.3.0\netflix-eventbus-0.3.0.jar;D:\maven_repo\com\netflix\netflix-commons\netflix-infix\0.3.0\netflix-infix-0.3.0.jar;D:\maven_repo\commons-jxpath\commons-jxpath\1.3\commons-jxpath-1.3.jar;D:\maven_repo\joda-time\joda-time\2.9.9\joda-time-2.9.9.jar;D:\maven_repo\org\antlr\antlr-runtime\3.4\antlr-runtime-3.4.jar;D:\maven_repo\org\antlr\stringtemplate\3.2.1\stringtemplate-3.2.1.jar;D:\maven_repo\antlr\antlr\2.7.7\antlr-2.7.7.jar;D:\maven_repo\com\google\code\gson\gson\2.8.2\gson-2.8.2.jar;D:\maven_repo\org\apache\commons\commons-math\2.2\commons-math-2.2.jar;D:\maven_repo\com\netflix\archaius\archaius-core\0.7.4\archaius-core-0.7.4.jar;D:\maven_repo\javax\ws\rs\jsr311-api\1.1.1\jsr311-api-1.1.1.jar;D:\maven_repo\com\netflix\servo\servo-core\0.10.1\servo-core-0.10.1.jar;D:\maven_repo\com\netflix\servo\servo-internal\0.10.1\servo-internal-0.10.1.jar;D:\maven_repo\com\sun\jersey\jersey-core\1.19.1\jersey-core-1.19.1.jar;D:\maven_repo\com\sun\jersey\jersey-client\1.19.1\jersey-client-1.19.1.jar;D:\maven_repo\com\sun\jersey\contribs\jersey-apache-client4\1.19.1\jersey-apache-client4-1.19.1.jar;D:\maven_repo\org\apache\httpcomponents\httpclient\4.5.5\httpclient-4.5.5.jar;D:\maven_repo\org\apache\httpcomponents\httpcore\4.4.9\httpcore-4.4.9.jar;D:\maven_repo\commons-codec\commons-codec\1.10\commons-codec-1.10.jar;D:\maven_repo\com\google\inject\guice\4.1.0\guice-4.1.0.jar;D:\maven_repo\javax\inject\javax.inject\1\javax.inject-1.jar;D:\maven_repo\aopalliance\aopalliance\1.0\aopalliance-1.0.jar;D:\maven_repo\com\fasterxml\jackson\core\jackson-annotations\2.8.0\jackson-annotations-2.8.0.jar;D:\maven_repo\com\fasterxml\jackson\core\jackson-core\2.8.10\jackson-core-2.8.10.jar;D:\maven_repo\com\netflix\eureka\eureka-core\1.7.2\eureka-core-1.7.2.jar;D:\maven_repo\org\codehaus\woodstox\woodstox-core-asl\4.4.1\woodstox-core-asl-4.4.1.jar;D:\maven_repo\javax\xml\stream\stax-api\1.0-2\stax-api-1.0-2.jar;D:\maven_repo\org\codehaus\woodstox\stax2-api\3.1.4\stax2-api-3.1.4.jar;D:\maven_repo\org\springframework\cloud\spring-cloud-starter-netflix-archaius\1.4.4.RELEASE\spring-cloud-starter-netflix-archaius-1.4.4.RELEASE.jar;D:\maven_repo\commons-configuration\commons-configuration\1.8\commons-configuration-1.8.jar;D:\maven_repo\commons-lang\commons-lang\2.6\commons-lang-2.6.jar;D:\maven_repo\com\google\guava\guava\19.0\guava-19.0.jar;D:\maven_repo\org\springframework\cloud\spring-cloud-starter-netflix-ribbon\1.4.4.RELEASE\spring-cloud-starter-netflix-ribbon-1.4.4.RELEASE.jar;D:\maven_repo\com\netflix\ribbon\ribbon\2.2.5\ribbon-2.2.5.jar;D:\maven_repo\com\netflix\ribbon\ribbon-transport\2.2.5\ribbon-transport-2.2.5.jar;D:\maven_repo\io\reactivex\rxnetty-contexts\0.4.9\rxnetty-contexts-0.4.9.jar;D:\maven_repo\io\reactivex\rxnetty-servo\0.4.9\rxnetty-servo-0.4.9.jar;D:\maven_repo\io\reactivex\rxnetty\0.4.9\rxnetty-0.4.9.jar;D:\maven_repo\io\netty\netty-codec-http\4.0.27.Final\netty-codec-http-4.0.27.Final.jar;D:\maven_repo\io\netty\netty-codec\4.0.27.Final\netty-codec-4.0.27.Final.jar;D:\maven_repo\io\netty\netty-handler\4.0.27.Final\netty-handler-4.0.27.Final.jar;D:\maven_repo\io\netty\netty-transport-native-epoll\4.0.27.Final\netty-transport-native-epoll-4.0.27.Final.jar;D:\maven_repo\io\netty\netty-common\4.0.27.Final\netty-common-4.0.27.Final.jar;D:\maven_repo\io\netty\netty-buffer\4.0.27.Final\netty-buffer-4.0.27.Final.jar;D:\maven_repo\io\netty\netty-transport\4.0.27.Final\netty-transport-4.0.27.Final.jar;D:\maven_repo\com\netflix\ribbon\ribbon-core\2.2.5\ribbon-core-2.2.5.jar;D:\maven_repo\com\netflix\ribbon\ribbon-httpclient\2.2.5\ribbon-httpclient-2.2.5.jar;D:\maven_repo\commons-collections\commons-collections\3.2.2\commons-collections-3.2.2.jar;D:\maven_repo\com\netflix\netflix-commons\netflix-commons-util\0.1.1\netflix-commons-util-0.1.1.jar;D:\maven_repo\com\netflix\ribbon\ribbon-loadbalancer\2.2.5\ribbon-loadbalancer-2.2.5.jar;D:\maven_repo\com\netflix\netflix-commons\netflix-statistics\0.1.1\netflix-statistics-0.1.1.jar;D:\maven_repo\io\reactivex\rxjava\1.2.0\rxjava-1.2.0.jar;D:\maven_repo\com\netflix\ribbon\ribbon-eureka\2.2.5\ribbon-eureka-2.2.5.jar;D:\maven_repo\com\thoughtworks\xstream\xstream\1.4.10\xstream-1.4.10.jar;D:\maven_repo\xmlpull\xmlpull\1.1.3.1\xmlpull-1.1.3.1.jar;D:\maven_repo\xpp3\xpp3_min\1.1.4c\xpp3_min-1.1.4c.jar;D:\maven_repo\org\springframework\cloud\spring-cloud-starter-feign\1.4.4.RELEASE\spring-cloud-starter-feign-1.4.4.RELEASE.jar;D:\maven_repo\org\springframework\cloud\spring-cloud-starter-openfeign\1.4.4.RELEASE\spring-cloud-starter-openfeign-1.4.4.RELEASE.jar;D:\maven_repo\org\springframework\spring-web\4.3.14.RELEASE\spring-web-4.3.14.RELEASE.jar;D:\maven_repo\org\springframework\spring-context\4.3.14.RELEASE\spring-context-4.3.14.RELEASE.jar;D:\maven_repo\org\springframework\cloud\spring-cloud-commons\1.3.3.RELEASE\spring-cloud-commons-1.3.3.RELEASE.jar;D:\maven_repo\org\springframework\security\spring-security-crypto\4.2.4.RELEASE\spring-security-crypto-4.2.4.RELEASE.jar;D:\maven_repo\io\github\openfeign\feign-core\9.5.0\feign-core-9.5.0.jar;D:\maven_repo\org\jvnet\animal-sniffer-annotation\1.0\animal-sniffer-annotation-1.0.jar;D:\maven_repo\io\github\openfeign\feign-slf4j\9.5.0\feign-slf4j-9.5.0.jar;D:\maven_repo\io\github\openfeign\feign-hystrix\9.5.0\feign-hystrix-9.5.0.jar;D:\maven_repo\com\netflix\hystrix\hystrix-core\1.5.12\hystrix-core-1.5.12.jar;D:\maven_repo\org\hdrhistogram\HdrHistogram\2.1.9\HdrHistogram-2.1.9.jar;D:\maven_repo\org\springframework\boot\spring-boot-starter-aop\1.5.10.RELEASE\spring-boot-starter-aop-1.5.10.RELEASE.jar;D:\maven_repo\org\springframework\boot\spring-boot-starter\1.5.10.RELEASE\spring-boot-starter-1.5.10.RELEASE.jar;D:\maven_repo\org\springframework\boot\spring-boot\1.5.10.RELEASE\spring-boot-1.5.10.RELEASE.jar;D:\maven_repo\org\springframework\boot\spring-boot-autoconfigure\1.5.10.RELEASE\spring-boot-autoconfigure-1.5.10.RELEASE.jar;D:\maven_repo\org\springframework\boot\spring-boot-starter-logging\1.5.10.RELEASE\spring-boot-starter-logging-1.5.10.RELEASE.jar;D:\maven_repo\ch\qos\logback\logback-classic\1.1.11\logback-classic-1.1.11.jar;D:\maven_repo\ch\qos\logback\logback-core\1.1.11\logback-core-1.1.11.jar;D:\maven_repo\org\slf4j\jcl-over-slf4j\1.7.25\jcl-over-slf4j-1.7.25.jar;D:\maven_repo\org\slf4j\jul-to-slf4j\1.7.25\jul-to-slf4j-1.7.25.jar;D:\maven_repo\org\slf4j\log4j-over-slf4j\1.7.25\log4j-over-slf4j-1.7.25.jar;D:\maven_repo\org\yaml\snakeyaml\1.17\snakeyaml-1.17.jar;D:\maven_repo\org\springframework\spring-aop\4.3.14.RELEASE\spring-aop-4.3.14.RELEASE.jar;D:\maven_repo\org\springframework\spring-beans\4.3.14.RELEASE\spring-beans-4.3.14.RELEASE.jar;D:\maven_repo\org\aspectj\aspectjweaver\1.8.13\aspectjweaver-1.8.13.jar;D:\maven_repo\org\springframework\boot\spring-boot-starter-test\1.5.10.RELEASE\spring-boot-starter-test-1.5.10.RELEASE.jar;D:\maven_repo\org\springframework\boot\spring-boot-test\1.5.10.RELEASE\spring-boot-test-1.5.10.RELEASE.jar;D:\maven_repo\org\springframework\boot\spring-boot-test-autoconfigure\1.5.10.RELEASE\spring-boot-test-autoconfigure-1.5.10.RELEASE.jar;D:\maven_repo\com\jayway\jsonpath\json-path\2.2.0\json-path-2.2.0.jar;D:\maven_repo\net\minidev\json-smart\2.2.1\json-smart-2.2.1.jar;D:\maven_repo\net\minidev\accessors-smart\1.1\accessors-smart-1.1.jar;D:\maven_repo\org\ow2\asm\asm\5.0.3\asm-5.0.3.jar;D:\maven_repo\org\slf4j\slf4j-api\1.7.25\slf4j-api-1.7.25.jar;D:\maven_repo\junit\junit\4.12\junit-4.12.jar;D:\maven_repo\org\assertj\assertj-core\2.6.0\assertj-core-2.6.0.jar;D:\maven_repo\org\mockito\mockito-core\1.10.19\mockito-core-1.10.19.jar;D:\maven_repo\org\objenesis\objenesis\2.1\objenesis-2.1.jar;D:\maven_repo\org\hamcrest\hamcrest-core\1.3\hamcrest-core-1.3.jar;D:\maven_repo\org\hamcrest\hamcrest-library\1.3\hamcrest-library-1.3.jar;D:\maven_repo\org\skyscreamer\jsonassert\1.4.0\jsonassert-1.4.0.jar;D:\maven_repo\com\vaadin\external\google\android-json\0.0.20131108.vaadin1\android-json-0.0.20131108.vaadin1.jar;D:\maven_repo\org\springframework\spring-core\4.3.14.RELEASE\spring-core-4.3.14.RELEASE.jar;D:\maven_repo\org\springframework\spring-test\4.3.14.RELEASE\spring-test-4.3.14.RELEASE.jar;, user.name=liuganchao, java.vm.specification.version=1.8, sun.java.command=D:\workspace\sunjoy-trm\sunjoy-framework\sunjoy-framework-client\target\surefire\surefirebooter5780816618148337850.jar D:\workspace\sunjoy-trm\sunjoy-framework\sunjoy-framework-client\target\surefire\surefire195127846163290100tmp D:\workspace\sunjoy-trm\sunjoy-framework\sunjoy-framework-client\target\surefire\surefire_08871879210459601624tmp, java.home=C:\Program Files\Java\jdk1.8.0_151\jre, sun.arch.data.model=64, user.language=zh, java.specification.vendor=Oracle Corporation, awt.toolkit=sun.awt.windows.WToolkit, java.vm.info=mixed mode, java.version=1.8.0_151, java.ext.dirs=C:\Program Files\Java\jdk1.8.0_151\jre\lib\ext;C:\Windows\Sun\Java\lib\ext, sun.boot.class.path=C:\Program Files\Java\jdk1.8.0_151\jre\lib\resources.jar;C:\Program Files\Java\jdk1.8.0_151\jre\lib\rt.jar;C:\Program Files\Java\jdk1.8.0_151\jre\lib\sunrsasign.jar;C:\Program Files\Java\jdk1.8.0_151\jre\lib\jsse.jar;C:\Program Files\Java\jdk1.8.0_151\jre\lib\jce.jar;C:\Program Files\Java\jdk1.8.0_151\jre\lib\charsets.jar;C:\Program Files\Java\jdk1.8.0_151\jre\lib\jfr.jar;C:\Program Files\Java\jdk1.8.0_151\jre\classes, java.vendor=Oracle Corporation, localRepository=D:\maven_repo, file.separator=\, java.vendor.url.bug=http://bugreport.sun.com/bugreport/, sun.io.unicode.encoding=UnicodeLittle, sun.cpu.endian=little, sun.desktop=windows, sun.cpu.isalist=amd64}}, SystemEnvironmentPropertySource@511473681 {name='systemEnvironment', properties={PATH=C:/Program Files/Java/jdk1.8.0_151/bin/../jre/bin/server;C:/Program Files/Java/jdk1.8.0_151/bin/../jre/bin;C:/Program Files/Java/jdk1.8.0_151/bin/../jre/lib/amd64;.;D:\installed\gradle-4.5\bin;C:\Program Files\Java\jdk1.8.0_151\bin;C:\ProgramData\Oracle\Java\javapath;C:\Program Files (x86)\Intel\iCLS Client\;C:\Program Files\Intel\iCLS Client\;C:\Windows\system32;C:\Windows;C:\Windows\System32\Wbem;C:\Windows\System32\WindowsPowerShell\v1.0\;C:\Program Files (x86)\Intel\UCRT\;C:\Program Files\Intel\UCRT\;C:\Program Files (x86)\Intel\Intel(R) Management Engine Components\DAL;C:\Program Files\Intel\Intel(R) Management Engine Components\DAL;C:\Program Files (x86)\Intel\Intel(R) Management Engine Components\IPT;C:\Program Files\Intel\Intel(R) Management Engine Components\IPT;C:\Program Files\nodejs\;C:\Program Files\TortoiseSVN\bin;C:\Program Files\Git\cmd;C:\Program Files\TortoiseGit\bin;C:\Program Files\PuTTY\;C:\Users\liuganchao.HDSC\AppData\Roaming\npm\node_modules\vue-cli\\bin;D:\installed\eclipse;, LOCALAPPDATA=C:\Users\liuganchao.HDSC\AppData\Local, PROCESSOR_LEVEL=6, SYSTEMDRIVE=C:, COMMONPROGRAMFILES(X86)=C:\Program Files (x86)\Common Files, FP_NO_HOST_CHECK=NO, USERDOMAIN=HDSC, LOGONSERVER=\\ZCBDC229VW, JAVA_HOME=C:\Program Files\Java\jdk1.8.0_151, PROMPT=$P$G, SESSIONNAME=Console, ALLUSERSPROFILE=C:\ProgramData, PROGRAMFILES(X86)=C:\Program Files (x86), PROCESSOR_ARCHITECTURE=AMD64, GRADLE_HOME=D:\installed\gradle-4.5, PROGRAMFILES=C:\Program Files, WINDOWS_TRACING_FLAGS=3, APPDATA=C:\Users\liuganchao.HDSC\AppData\Roaming, PSMODULEPATH=C:\Windows\system32\WindowsPowerShell\v1.0\Modules\, PROGRAMW6432=C:\Program Files, PROGRAMDATA=C:\ProgramData, SYSTEMROOT=C:\Windows, USERNAME=liuganchao, USERDNSDOMAIN=HDSC.COM, PATHEXT=.COM;.EXE;.BAT;.CMD;.VBS;.VBE;.JS;.JSE;.WSF;.WSH;.MSC, OS=Windows_NT, COMMONPROGRAMW6432=C:\Program Files\Common Files, COMPUTERNAME=ZC300017PC1, COMMONPROGRAMFILES=C:\Program Files\Common Files, COMSPEC=C:\Windows\system32\cmd.exe, PROCESSOR_REVISION=5e03, WINDIR=C:\Windows, =D:=D:\workspace\sunjoy-trm\sunjoy-framework\sunjoy-framework-client, HOMEPATH=\Users\liuganchao.HDSC, TEMP=C:\Users\LIUGAN~1.HDS\AppData\Local\Temp, VUE_CLI_HOME=C:\Users\liuganchao.HDSC\AppData\Roaming\npm\node_modules\vue-cli\, HOMEDRIVE=C:, PROCESSOR_IDENTIFIER=Intel64 Family 6 Model 94 Stepping 3, GenuineIntel, USERPROFILE=C:\Users\liuganchao.HDSC, TMP=C:\Users\LIUGAN~1.HDS\AppData\Local\Temp, WINDOWS_TRACING_LOGFILE=C:\BVTBin\Tests\installpackage\csilogfile.log, PUBLIC=C:\Users\Public, NUMBER_OF_PROCESSORS=4, =::=::\}}]
15:15:15.998 [main] DEBUG org.springframework.core.io.support.PathMatchingResourcePatternResolver - Resolved classpath location [com/sunjoy/trm/security/] to resources [URL [file:/D:/workspace/sunjoy-trm/sunjoy-framework/sunjoy-framework-client/target/test-classes/com/sunjoy/trm/security/]]
15:15:15.998 [main] DEBUG org.springframework.core.io.support.PathMatchingResourcePatternResolver - Looking for matching resources in directory tree [D:\workspace\sunjoy-trm\sunjoy-framework\sunjoy-framework-client\target\test-classes\com\sunjoy\trm\security]
15:15:15.998 [main] DEBUG org.springframework.core.io.support.PathMatchingResourcePatternResolver - Searching directory [D:\workspace\sunjoy-trm\sunjoy-framework\sunjoy-framework-client\target\test-classes\com\sunjoy\trm\security] for files matching pattern [D:/workspace/sunjoy-trm/sunjoy-framework/sunjoy-framework-client/target/test-classes/com/sunjoy/trm/security/*.class]
15:15:16.001 [main] DEBUG org.springframework.core.io.support.PathMatchingResourcePatternResolver - Resolved location pattern [classpath*:com/sunjoy/trm/security/*.class] to resources [file [D:\workspace\sunjoy-trm\sunjoy-framework\sunjoy-framework-client\target\test-classes\com\sunjoy\trm\security\TrmWebApplicationTests.class]]
15:15:16.018 [main] DEBUG org.springframework.core.io.support.PathMatchingResourcePatternResolver - Resolved classpath location [com/sunjoy/trm/] to resources [URL [file:/D:/workspace/sunjoy-trm/sunjoy-framework/sunjoy-framework-client/target/test-classes/com/sunjoy/trm/]]
15:15:16.019 [main] DEBUG org.springframework.core.io.support.PathMatchingResourcePatternResolver - Looking for matching resources in directory tree [D:\workspace\sunjoy-trm\sunjoy-framework\sunjoy-framework-client\target\test-classes\com\sunjoy\trm]
15:15:16.019 [main] DEBUG org.springframework.core.io.support.PathMatchingResourcePatternResolver - Searching directory [D:\workspace\sunjoy-trm\sunjoy-framework\sunjoy-framework-client\target\test-classes\com\sunjoy\trm] for files matching pattern [D:/workspace/sunjoy-trm/sunjoy-framework/sunjoy-framework-client/target/test-classes/com/sunjoy/trm/*.class]
15:15:16.019 [main] DEBUG org.springframework.core.io.support.PathMatchingResourcePatternResolver - Resolved location pattern [classpath*:com/sunjoy/trm/*.class] to resources []
15:15:16.019 [main] DEBUG org.springframework.core.io.support.PathMatchingResourcePatternResolver - Resolved classpath location [com/sunjoy/] to resources [URL [file:/D:/workspace/sunjoy-trm/sunjoy-framework/sunjoy-framework-client/target/test-classes/com/sunjoy/], URL [file:/D:/workspace/sunjoy-trm/sunjoy-framework/sunjoy-framework-client/target/classes/com/sunjoy/]]
15:15:16.019 [main] DEBUG org.springframework.core.io.support.PathMatchingResourcePatternResolver - Looking for matching resources in directory tree [D:\workspace\sunjoy-trm\sunjoy-framework\sunjoy-framework-client\target\test-classes\com\sunjoy]
15:15:16.020 [main] DEBUG org.springframework.core.io.support.PathMatchingResourcePatternResolver - Searching directory [D:\workspace\sunjoy-trm\sunjoy-framework\sunjoy-framework-client\target\test-classes\com\sunjoy] for files matching pattern [D:/workspace/sunjoy-trm/sunjoy-framework/sunjoy-framework-client/target/test-classes/com/sunjoy/*.class]
15:15:16.020 [main] DEBUG org.springframework.core.io.support.PathMatchingResourcePatternResolver - Looking for matching resources in directory tree [D:\workspace\sunjoy-trm\sunjoy-framework\sunjoy-framework-client\target\classes\com\sunjoy]
15:15:16.020 [main] DEBUG org.springframework.core.io.support.PathMatchingResourcePatternResolver - Searching directory [D:\workspace\sunjoy-trm\sunjoy-framework\sunjoy-framework-client\target\classes\com\sunjoy] for files matching pattern [D:/workspace/sunjoy-trm/sunjoy-framework/sunjoy-framework-client/target/classes/com/sunjoy/*.class]
15:15:16.020 [main] DEBUG org.springframework.core.io.support.PathMatchingResourcePatternResolver - Resolved location pattern [classpath*:com/sunjoy/*.class] to resources []
15:15:16.022 [main] DEBUG org.springframework.core.io.support.PathMatchingResourcePatternResolver - Resolved classpath location [com/] to resources [URL [file:/D:/workspace/sunjoy-trm/sunjoy-framework/sunjoy-framework-client/target/test-classes/com/], URL [file:/D:/workspace/sunjoy-trm/sunjoy-framework/sunjoy-framework-client/target/classes/com/], URL [jar:file:/D:/maven_repo/com/fasterxml/classmate/1.3.4/classmate-1.3.4.jar!/com/], URL [jar:file:/D:/maven_repo/com/fasterxml/jackson/core/jackson-databind/2.8.10/jackson-databind-2.8.10.jar!/com/], URL [jar:file:/D:/maven_repo/com/netflix/eureka/eureka-client/1.7.2/eureka-client-1.7.2.jar!/com/], URL [jar:file:/D:/maven_repo/com/netflix/netflix-commons/netflix-eventbus/0.3.0/netflix-eventbus-0.3.0.jar!/com/], URL [jar:file:/D:/maven_repo/com/netflix/netflix-commons/netflix-infix/0.3.0/netflix-infix-0.3.0.jar!/com/], URL [jar:file:/D:/maven_repo/com/google/code/gson/gson/2.8.2/gson-2.8.2.jar!/com/], URL [jar:file:/D:/maven_repo/com/netflix/archaius/archaius-core/0.7.4/archaius-core-0.7.4.jar!/com/], URL [jar:file:/D:/maven_repo/com/netflix/servo/servo-core/0.10.1/servo-core-0.10.1.jar!/com/], URL [jar:file:/D:/maven_repo/com/netflix/servo/servo-internal/0.10.1/servo-internal-0.10.1.jar!/com/], URL [jar:file:/D:/maven_repo/com/sun/jersey/jersey-core/1.19.1/jersey-core-1.19.1.jar!/com/], URL [jar:file:/D:/maven_repo/com/sun/jersey/jersey-client/1.19.1/jersey-client-1.19.1.jar!/com/], URL [jar:file:/D:/maven_repo/com/sun/jersey/contribs/jersey-apache-client4/1.19.1/jersey-apache-client4-1.19.1.jar!/com/], URL [jar:file:/D:/maven_repo/com/google/inject/guice/4.1.0/guice-4.1.0.jar!/com/], URL [jar:file:/D:/maven_repo/com/fasterxml/jackson/core/jackson-annotations/2.8.0/jackson-annotations-2.8.0.jar!/com/], URL [jar:file:/D:/maven_repo/com/fasterxml/jackson/core/jackson-core/2.8.10/jackson-core-2.8.10.jar!/com/], URL [jar:file:/D:/maven_repo/com/netflix/eureka/eureka-core/1.7.2/eureka-core-1.7.2.jar!/com/], URL [jar:file:/D:/maven_repo/org/codehaus/woodstox/woodstox-core-asl/4.4.1/woodstox-core-asl-4.4.1.jar!/com/], URL [jar:file:/D:/maven_repo/com/google/guava/guava/19.0/guava-19.0.jar!/com/], URL [jar:file:/D:/maven_repo/com/netflix/ribbon/ribbon/2.2.5/ribbon-2.2.5.jar!/com/], URL [jar:file:/D:/maven_repo/com/netflix/ribbon/ribbon-transport/2.2.5/ribbon-transport-2.2.5.jar!/com/], URL [jar:file:/D:/maven_repo/io/reactivex/rxnetty-contexts/0.4.9/rxnetty-contexts-0.4.9.jar!/com/], URL [jar:file:/D:/maven_repo/com/netflix/ribbon/ribbon-core/2.2.5/ribbon-core-2.2.5.jar!/com/], URL [jar:file:/D:/maven_repo/com/netflix/ribbon/ribbon-httpclient/2.2.5/ribbon-httpclient-2.2.5.jar!/com/], URL [jar:file:/D:/maven_repo/com/netflix/netflix-commons/netflix-commons-util/0.1.1/netflix-commons-util-0.1.1.jar!/com/], URL [jar:file:/D:/maven_repo/com/netflix/ribbon/ribbon-loadbalancer/2.2.5/ribbon-loadbalancer-2.2.5.jar!/com/], URL [jar:file:/D:/maven_repo/com/netflix/netflix-commons/netflix-statistics/0.1.1/netflix-statistics-0.1.1.jar!/com/], URL [jar:file:/D:/maven_repo/com/netflix/ribbon/ribbon-eureka/2.2.5/ribbon-eureka-2.2.5.jar!/com/], URL [jar:file:/D:/maven_repo/com/thoughtworks/xstream/xstream/1.4.10/xstream-1.4.10.jar!/com/], URL [jar:file:/D:/maven_repo/com/netflix/hystrix/hystrix-core/1.5.12/hystrix-core-1.5.12.jar!/com/], URL [jar:file:/D:/maven_repo/com/jayway/jsonpath/json-path/2.2.0/json-path-2.2.0.jar!/com/]]
15:15:16.022 [main] DEBUG org.springframework.core.io.support.PathMatchingResourcePatternResolver - Looking for matching resources in directory tree [D:\workspace\sunjoy-trm\sunjoy-framework\sunjoy-framework-client\target\test-classes\com]
15:15:16.023 [main] DEBUG org.springframework.core.io.support.PathMatchingResourcePatternResolver - Searching directory [D:\workspace\sunjoy-trm\sunjoy-framework\sunjoy-framework-client\target\test-classes\com] for files matching pattern [D:/workspace/sunjoy-trm/sunjoy-framework/sunjoy-framework-client/target/test-classes/com/*.class]
15:15:16.023 [main] DEBUG org.springframework.core.io.support.PathMatchingResourcePatternResolver - Looking for matching resources in directory tree [D:\workspace\sunjoy-trm\sunjoy-framework\sunjoy-framework-client\target\classes\com]
15:15:16.023 [main] DEBUG org.springframework.core.io.support.PathMatchingResourcePatternResolver - Searching directory [D:\workspace\sunjoy-trm\sunjoy-framework\sunjoy-framework-client\target\classes\com] for files matching pattern [D:/workspace/sunjoy-trm/sunjoy-framework/sunjoy-framework-client/target/classes/com/*.class]
15:15:16.024 [main] DEBUG org.springframework.core.io.support.PathMatchingResourcePatternResolver - Looking for matching resources in jar file [file:/D:/maven_repo/com/fasterxml/classmate/1.3.4/classmate-1.3.4.jar]
15:15:16.029 [main] DEBUG org.springframework.core.io.support.PathMatchingResourcePatternResolver - Looking for matching resources in jar file [file:/D:/maven_repo/com/fasterxml/jackson/core/jackson-databind/2.8.10/jackson-databind-2.8.10.jar]
15:15:16.035 [main] DEBUG org.springframework.core.io.support.PathMatchingResourcePatternResolver - Looking for matching resources in jar file [file:/D:/maven_repo/com/netflix/eureka/eureka-client/1.7.2/eureka-client-1.7.2.jar]
15:15:16.038 [main] DEBUG org.springframework.core.io.support.PathMatchingResourcePatternResolver - Looking for matching resources in jar file [file:/D:/maven_repo/com/netflix/netflix-commons/netflix-eventbus/0.3.0/netflix-eventbus-0.3.0.jar]
15:15:16.039 [main] DEBUG org.springframework.core.io.support.PathMatchingResourcePatternResolver - Looking for matching resources in jar file [file:/D:/maven_repo/com/netflix/netflix-commons/netflix-infix/0.3.0/netflix-infix-0.3.0.jar]
15:15:16.042 [main] DEBUG org.springframework.core.io.support.PathMatchingResourcePatternResolver - Looking for matching resources in jar file [file:/D:/maven_repo/com/google/code/gson/gson/2.8.2/gson-2.8.2.jar]
15:15:16.044 [main] DEBUG org.springframework.core.io.support.PathMatchingResourcePatternResolver - Looking for matching resources in jar file [file:/D:/maven_repo/com/netflix/archaius/archaius-core/0.7.4/archaius-core-0.7.4.jar]
15:15:16.045 [main] DEBUG org.springframework.core.io.support.PathMatchingResourcePatternResolver - Looking for matching resources in jar file [file:/D:/maven_repo/com/netflix/servo/servo-core/0.10.1/servo-core-0.10.1.jar]
15:15:16.046 [main] DEBUG org.springframework.core.io.support.PathMatchingResourcePatternResolver - Looking for matching resources in jar file [file:/D:/maven_repo/com/netflix/servo/servo-internal/0.10.1/servo-internal-0.10.1.jar]
15:15:16.046 [main] DEBUG org.springframework.core.io.support.PathMatchingResourcePatternResolver - Looking for matching resources in jar file [file:/D:/maven_repo/com/sun/jersey/jersey-core/1.19.1/jersey-core-1.19.1.jar]
15:15:16.048 [main] DEBUG org.springframework.core.io.support.PathMatchingResourcePatternResolver - Looking for matching resources in jar file [file:/D:/maven_repo/com/sun/jersey/jersey-client/1.19.1/jersey-client-1.19.1.jar]
15:15:16.049 [main] DEBUG org.springframework.core.io.support.PathMatchingResourcePatternResolver - Looking for matching resources in jar file [file:/D:/maven_repo/com/sun/jersey/contribs/jersey-apache-client4/1.19.1/jersey-apache-client4-1.19.1.jar]
15:15:16.049 [main] DEBUG org.springframework.core.io.support.PathMatchingResourcePatternResolver - Looking for matching resources in jar file [file:/D:/maven_repo/com/google/inject/guice/4.1.0/guice-4.1.0.jar]
15:15:16.051 [main] DEBUG org.springframework.core.io.support.PathMatchingResourcePatternResolver - Looking for matching resources in jar file [file:/D:/maven_repo/com/fasterxml/jackson/core/jackson-annotations/2.8.0/jackson-annotations-2.8.0.jar]
15:15:16.052 [main] DEBUG org.springframework.core.io.support.PathMatchingResourcePatternResolver - Looking for matching resources in jar file [file:/D:/maven_repo/com/fasterxml/jackson/core/jackson-core/2.8.10/jackson-core-2.8.10.jar]
15:15:16.052 [main] DEBUG org.springframework.core.io.support.PathMatchingResourcePatternResolver - Looking for matching resources in jar file [file:/D:/maven_repo/com/netflix/eureka/eureka-core/1.7.2/eureka-core-1.7.2.jar]
15:15:16.053 [main] DEBUG org.springframework.core.io.support.PathMatchingResourcePatternResolver - Looking for matching resources in jar file [file:/D:/maven_repo/org/codehaus/woodstox/woodstox-core-asl/4.4.1/woodstox-core-asl-4.4.1.jar]
15:15:16.054 [main] DEBUG org.springframework.core.io.support.PathMatchingResourcePatternResolver - Looking for matching resources in jar file [file:/D:/maven_repo/com/google/guava/guava/19.0/guava-19.0.jar]
15:15:16.058 [main] DEBUG org.springframework.core.io.support.PathMatchingResourcePatternResolver - Looking for matching resources in jar file [file:/D:/maven_repo/com/netflix/ribbon/ribbon/2.2.5/ribbon-2.2.5.jar]
15:15:16.059 [main] DEBUG org.springframework.core.io.support.PathMatchingResourcePatternResolver - Looking for matching resources in jar file [file:/D:/maven_repo/com/netflix/ribbon/ribbon-transport/2.2.5/ribbon-transport-2.2.5.jar]
15:15:16.059 [main] DEBUG org.springframework.core.io.support.PathMatchingResourcePatternResolver - Looking for matching resources in jar file [file:/D:/maven_repo/io/reactivex/rxnetty-contexts/0.4.9/rxnetty-contexts-0.4.9.jar]
15:15:16.060 [main] DEBUG org.springframework.core.io.support.PathMatchingResourcePatternResolver - Looking for matching resources in jar file [file:/D:/maven_repo/com/netflix/ribbon/ribbon-core/2.2.5/ribbon-core-2.2.5.jar]
15:15:16.060 [main] DEBUG org.springframework.core.io.support.PathMatchingResourcePatternResolver - Looking for matching resources in jar file [file:/D:/maven_repo/com/netflix/ribbon/ribbon-httpclient/2.2.5/ribbon-httpclient-2.2.5.jar]
15:15:16.061 [main] DEBUG org.springframework.core.io.support.PathMatchingResourcePatternResolver - Looking for matching resources in jar file [file:/D:/maven_repo/com/netflix/netflix-commons/netflix-commons-util/0.1.1/netflix-commons-util-0.1.1.jar]
15:15:16.061 [main] DEBUG org.springframework.core.io.support.PathMatchingResourcePatternResolver - Looking for matching resources in jar file [file:/D:/maven_repo/com/netflix/ribbon/ribbon-loadbalancer/2.2.5/ribbon-loadbalancer-2.2.5.jar]
15:15:16.061 [main] DEBUG org.springframework.core.io.support.PathMatchingResourcePatternResolver - Looking for matching resources in jar file [file:/D:/maven_repo/com/netflix/netflix-commons/netflix-statistics/0.1.1/netflix-statistics-0.1.1.jar]
15:15:16.062 [main] DEBUG org.springframework.core.io.support.PathMatchingResourcePatternResolver - Looking for matching resources in jar file [file:/D:/maven_repo/com/netflix/ribbon/ribbon-eureka/2.2.5/ribbon-eureka-2.2.5.jar]
15:15:16.062 [main] DEBUG org.springframework.core.io.support.PathMatchingResourcePatternResolver - Looking for matching resources in jar file [file:/D:/maven_repo/com/thoughtworks/xstream/xstream/1.4.10/xstream-1.4.10.jar]
15:15:16.066 [main] DEBUG org.springframework.core.io.support.PathMatchingResourcePatternResolver - Looking for matching resources in jar file [file:/D:/maven_repo/com/netflix/hystrix/hystrix-core/1.5.12/hystrix-core-1.5.12.jar]
15:15:16.067 [main] DEBUG org.springframework.core.io.support.PathMatchingResourcePatternResolver - Looking for matching resources in jar file [file:/D:/maven_repo/com/jayway/jsonpath/json-path/2.2.0/json-path-2.2.0.jar]
15:15:16.068 [main] DEBUG org.springframework.core.io.support.PathMatchingResourcePatternResolver - Resolved location pattern [classpath*:com/*.class] to resources []
15:15:16.071 [main] DEBUG org.springframework.test.context.junit4.SpringJUnit4ClassRunner - SpringJUnit4ClassRunner constructor called with [class com.sunjoy.trm.security.TrmWebApplicationTests]
15:15:16.071 [main] DEBUG org.springframework.test.context.BootstrapUtils - Instantiating CacheAwareContextLoaderDelegate from class [org.springframework.test.context.cache.DefaultCacheAwareContextLoaderDelegate]
15:15:16.071 [main] DEBUG org.springframework.test.context.BootstrapUtils - Instantiating BootstrapContext using constructor [public org.springframework.test.context.support.DefaultBootstrapContext(java.lang.Class,org.springframework.test.context.CacheAwareContextLoaderDelegate)]
15:15:16.072 [main] DEBUG org.springframework.test.context.BootstrapUtils - Instantiating TestContextBootstrapper for test class [com.sunjoy.trm.security.TrmWebApplicationTests] from class [org.springframework.boot.test.context.SpringBootTestContextBootstrapper]
15:15:16.072 [main] INFO org.springframework.boot.test.context.SpringBootTestContextBootstrapper - Neither @ContextConfiguration nor @ContextHierarchy found for test class [com.sunjoy.trm.security.TrmWebApplicationTests], using SpringBootContextLoader
15:15:16.073 [main] DEBUG org.springframework.test.context.support.AbstractContextLoader - Did not detect default resource location for test class [com.sunjoy.trm.security.TrmWebApplicationTests]: class path resource [com/sunjoy/trm/security/TrmWebApplicationTests-context.xml] does not exist
15:15:16.073 [main] DEBUG org.springframework.test.context.support.AbstractContextLoader - Did not detect default resource location for test class [com.sunjoy.trm.security.TrmWebApplicationTests]: class path resource [com/sunjoy/trm/security/TrmWebApplicationTestsContext.groovy] does not exist
15:15:16.073 [main] INFO org.springframework.test.context.support.AbstractContextLoader - Could not detect default resource locations for test class [com.sunjoy.trm.security.TrmWebApplicationTests]: no resource found for suffixes {-context.xml, Context.groovy}.
15:15:16.073 [main] INFO org.springframework.test.context.support.AnnotationConfigContextLoaderUtils - Could not detect default configuration classes for test class [com.sunjoy.trm.security.TrmWebApplicationTests]: TrmWebApplicationTests does not declare any static, non-private, non-final, nested classes annotated with @Configuration.
15:15:16.087 [main] DEBUG org.springframework.test.context.support.ActiveProfilesUtils - Could not find an 'annotation declaring class' for annotation type [org.springframework.test.context.ActiveProfiles] and class [com.sunjoy.trm.security.TrmWebApplicationTests]
15:15:16.087 [main] DEBUG org.springframework.core.env.StandardEnvironment - Adding PropertySource 'systemProperties' with lowest search precedence
15:15:16.087 [main] DEBUG org.springframework.core.env.StandardEnvironment - Adding PropertySource 'systemEnvironment' with lowest search precedence
15:15:16.088 [main] DEBUG org.springframework.core.env.StandardEnvironment - Initialized StandardEnvironment with PropertySources [MapPropertySource@1024429571 {name='systemProperties', properties={java.runtime.name=Java(TM) SE Runtime Environment, sun.boot.library.path=C:\Program Files\Java\jdk1.8.0_151\jre\bin, java.vm.version=25.151-b12, java.vm.vendor=Oracle Corporation, java.vendor.url=http://java.oracle.com/, path.separator=;, java.vm.name=Java HotSpot(TM) 64-Bit Server VM, file.encoding.pkg=sun.io, user.country=CN, user.script=, sun.java.launcher=SUN_STANDARD, sun.os.patch.level=Service Pack 1, java.vm.specification.name=Java Virtual Machine Specification, user.dir=D:\workspace\sunjoy-trm\sunjoy-framework\sunjoy-framework-client, java.runtime.version=1.8.0_151-b12, basedir=D:\workspace\sunjoy-trm\sunjoy-framework\sunjoy-framework-client, java.awt.graphicsenv=sun.awt.Win32GraphicsEnvironment, java.endorsed.dirs=C:\Program Files\Java\jdk1.8.0_151\jre\lib\endorsed, os.arch=amd64, surefire.real.class.path=D:\workspace\sunjoy-trm\sunjoy-framework\sunjoy-framework-client\target\surefire\surefirebooter5780816618148337850.jar, java.io.tmpdir=C:\Users\LIUGAN~1.HDS\AppData\Local\Temp\, line.separator=
, java.vm.specification.vendor=Oracle Corporation, user.variant=, os.name=Windows 7, sun.jnu.encoding=GBK, java.library.path=C:\Program Files\Java\jdk1.8.0_151\jre\bin;C:\Windows\Sun\Java\bin;C:\Windows\system32;C:\Windows;C:/Program Files/Java/jdk1.8.0_151/bin/../jre/bin/server;C:/Program Files/Java/jdk1.8.0_151/bin/../jre/bin;C:/Program Files/Java/jdk1.8.0_151/bin/../jre/lib/amd64;.;D:\installed\gradle-4.5\bin;C:\Program Files\Java\jdk1.8.0_151\bin;C:\ProgramData\Oracle\Java\javapath;C:\Program Files (x86)\Intel\iCLS Client\;C:\Program Files\Intel\iCLS Client\;C:\Windows\system32;C:\Windows;C:\Windows\System32\Wbem;C:\Windows\System32\WindowsPowerShell\v1.0\;C:\Program Files (x86)\Intel\UCRT\;C:\Program Files\Intel\UCRT\;C:\Program Files (x86)\Intel\Intel(R) Management Engine Components\DAL;C:\Program Files\Intel\Intel(R) Management Engine Components\DAL;C:\Program Files (x86)\Intel\Intel(R) Management Engine Components\IPT;C:\Program Files\Intel\Intel(R) Management Engine Components\IPT;C:\Program Files\nodejs\;C:\Program Files\TortoiseSVN\bin;C:\Program Files\Git\cmd;C:\Program Files\TortoiseGit\bin;C:\Program Files\PuTTY\;C:\Users\liuganchao.HDSC\AppData\Roaming\npm\node_modules\vue-cli\\bin;D:\installed\eclipse;;., surefire.test.class.path=D:\workspace\sunjoy-trm\sunjoy-framework\sunjoy-framework-client\target\test-classes;D:\workspace\sunjoy-trm\sunjoy-framework\sunjoy-framework-client\target\classes;D:\maven_repo\org\springframework\cloud\spring-cloud-starter-eureka\1.4.4.RELEASE\spring-cloud-starter-eureka-1.4.4.RELEASE.jar;D:\maven_repo\org\springframework\cloud\spring-cloud-starter-netflix-eureka-client\1.4.4.RELEASE\spring-cloud-starter-netflix-eureka-client-1.4.4.RELEASE.jar;D:\maven_repo\org\springframework\boot\spring-boot-starter-web\1.5.10.RELEASE\spring-boot-starter-web-1.5.10.RELEASE.jar;D:\maven_repo\org\springframework\boot\spring-boot-starter-tomcat\1.5.10.RELEASE\spring-boot-starter-tomcat-1.5.10.RELEASE.jar;D:\maven_repo\org\apache\tomcat\embed\tomcat-embed-core\8.5.27\tomcat-embed-core-8.5.27.jar;D:\maven_repo\org\apache\tomcat\tomcat-annotations-api\8.5.27\tomcat-annotations-api-8.5.27.jar;D:\maven_repo\org\apache\tomcat\embed\tomcat-embed-el\8.5.27\tomcat-embed-el-8.5.27.jar;D:\maven_repo\org\apache\tomcat\embed\tomcat-embed-websocket\8.5.27\tomcat-embed-websocket-8.5.27.jar;D:\maven_repo\org\hibernate\hibernate-validator\5.3.6.Final\hibernate-validator-5.3.6.Final.jar;D:\maven_repo\javax\validation\validation-api\1.1.0.Final\validation-api-1.1.0.Final.jar;D:\maven_repo\org\jboss\logging\jboss-logging\3.3.1.Final\jboss-logging-3.3.1.Final.jar;D:\maven_repo\com\fasterxml\classmate\1.3.4\classmate-1.3.4.jar;D:\maven_repo\com\fasterxml\jackson\core\jackson-databind\2.8.10\jackson-databind-2.8.10.jar;D:\maven_repo\org\springframework\spring-webmvc\4.3.14.RELEASE\spring-webmvc-4.3.14.RELEASE.jar;D:\maven_repo\org\springframework\spring-expression\4.3.14.RELEASE\spring-expression-4.3.14.RELEASE.jar;D:\maven_repo\org\springframework\cloud\spring-cloud-starter\1.3.3.RELEASE\spring-cloud-starter-1.3.3.RELEASE.jar;D:\maven_repo\org\springframework\cloud\spring-cloud-context\1.3.3.RELEASE\spring-cloud-context-1.3.3.RELEASE.jar;D:\maven_repo\org\springframework\security\spring-security-rsa\1.0.3.RELEASE\spring-security-rsa-1.0.3.RELEASE.jar;D:\maven_repo\org\bouncycastle\bcpkix-jdk15on\1.55\bcpkix-jdk15on-1.55.jar;D:\maven_repo\org\bouncycastle\bcprov-jdk15on\1.55\bcprov-jdk15on-1.55.jar;D:\maven_repo\org\springframework\cloud\spring-cloud-netflix-core\1.4.4.RELEASE\spring-cloud-netflix-core-1.4.4.RELEASE.jar;D:\maven_repo\org\springframework\cloud\spring-cloud-netflix-eureka-client\1.4.4.RELEASE\spring-cloud-netflix-eureka-client-1.4.4.RELEASE.jar;D:\maven_repo\com\netflix\eureka\eureka-client\1.7.2\eureka-client-1.7.2.jar;D:\maven_repo\org\codehaus\jettison\jettison\1.3.7\jettison-1.3.7.jar;D:\maven_repo\stax\stax-api\1.0.1\stax-api-1.0.1.jar;D:\maven_repo\com\netflix\netflix-commons\netflix-eventbus\0.3.0\netflix-eventbus-0.3.0.jar;D:\maven_repo\com\netflix\netflix-commons\netflix-infix\0.3.0\netflix-infix-0.3.0.jar;D:\maven_repo\commons-jxpath\commons-jxpath\1.3\commons-jxpath-1.3.jar;D:\maven_repo\joda-time\joda-time\2.9.9\joda-time-2.9.9.jar;D:\maven_repo\org\antlr\antlr-runtime\3.4\antlr-runtime-3.4.jar;D:\maven_repo\org\antlr\stringtemplate\3.2.1\stringtemplate-3.2.1.jar;D:\maven_repo\antlr\antlr\2.7.7\antlr-2.7.7.jar;D:\maven_repo\com\google\code\gson\gson\2.8.2\gson-2.8.2.jar;D:\maven_repo\org\apache\commons\commons-math\2.2\commons-math-2.2.jar;D:\maven_repo\com\netflix\archaius\archaius-core\0.7.4\archaius-core-0.7.4.jar;D:\maven_repo\javax\ws\rs\jsr311-api\1.1.1\jsr311-api-1.1.1.jar;D:\maven_repo\com\netflix\servo\servo-core\0.10.1\servo-core-0.10.1.jar;D:\maven_repo\com\netflix\servo\servo-internal\0.10.1\servo-internal-0.10.1.jar;D:\maven_repo\com\sun\jersey\jersey-core\1.19.1\jersey-core-1.19.1.jar;D:\maven_repo\com\sun\jersey\jersey-client\1.19.1\jersey-client-1.19.1.jar;D:\maven_repo\com\sun\jersey\contribs\jersey-apache-client4\1.19.1\jersey-apache-client4-1.19.1.jar;D:\maven_repo\org\apache\httpcomponents\httpclient\4.5.5\httpclient-4.5.5.jar;D:\maven_repo\org\apache\httpcomponents\httpcore\4.4.9\httpcore-4.4.9.jar;D:\maven_repo\commons-codec\commons-codec\1.10\commons-codec-1.10.jar;D:\maven_repo\com\google\inject\guice\4.1.0\guice-4.1.0.jar;D:\maven_repo\javax\inject\javax.inject\1\javax.inject-1.jar;D:\maven_repo\aopalliance\aopalliance\1.0\aopalliance-1.0.jar;D:\maven_repo\com\fasterxml\jackson\core\jackson-annotations\2.8.0\jackson-annotations-2.8.0.jar;D:\maven_repo\com\fasterxml\jackson\core\jackson-core\2.8.10\jackson-core-2.8.10.jar;D:\maven_repo\com\netflix\eureka\eureka-core\1.7.2\eureka-core-1.7.2.jar;D:\maven_repo\org\codehaus\woodstox\woodstox-core-asl\4.4.1\woodstox-core-asl-4.4.1.jar;D:\maven_repo\javax\xml\stream\stax-api\1.0-2\stax-api-1.0-2.jar;D:\maven_repo\org\codehaus\woodstox\stax2-api\3.1.4\stax2-api-3.1.4.jar;D:\maven_repo\org\springframework\cloud\spring-cloud-starter-netflix-archaius\1.4.4.RELEASE\spring-cloud-starter-netflix-archaius-1.4.4.RELEASE.jar;D:\maven_repo\commons-configuration\commons-configuration\1.8\commons-configuration-1.8.jar;D:\maven_repo\commons-lang\commons-lang\2.6\commons-lang-2.6.jar;D:\maven_repo\com\google\guava\guava\19.0\guava-19.0.jar;D:\maven_repo\org\springframework\cloud\spring-cloud-starter-netflix-ribbon\1.4.4.RELEASE\spring-cloud-starter-netflix-ribbon-1.4.4.RELEASE.jar;D:\maven_repo\com\netflix\ribbon\ribbon\2.2.5\ribbon-2.2.5.jar;D:\maven_repo\com\netflix\ribbon\ribbon-transport\2.2.5\ribbon-transport-2.2.5.jar;D:\maven_repo\io\reactivex\rxnetty-contexts\0.4.9\rxnetty-contexts-0.4.9.jar;D:\maven_repo\io\reactivex\rxnetty-servo\0.4.9\rxnetty-servo-0.4.9.jar;D:\maven_repo\io\reactivex\rxnetty\0.4.9\rxnetty-0.4.9.jar;D:\maven_repo\io\netty\netty-codec-http\4.0.27.Final\netty-codec-http-4.0.27.Final.jar;D:\maven_repo\io\netty\netty-codec\4.0.27.Final\netty-codec-4.0.27.Final.jar;D:\maven_repo\io\netty\netty-handler\4.0.27.Final\netty-handler-4.0.27.Final.jar;D:\maven_repo\io\netty\netty-transport-native-epoll\4.0.27.Final\netty-transport-native-epoll-4.0.27.Final.jar;D:\maven_repo\io\netty\netty-common\4.0.27.Final\netty-common-4.0.27.Final.jar;D:\maven_repo\io\netty\netty-buffer\4.0.27.Final\netty-buffer-4.0.27.Final.jar;D:\maven_repo\io\netty\netty-transport\4.0.27.Final\netty-transport-4.0.27.Final.jar;D:\maven_repo\com\netflix\ribbon\ribbon-core\2.2.5\ribbon-core-2.2.5.jar;D:\maven_repo\com\netflix\ribbon\ribbon-httpclient\2.2.5\ribbon-httpclient-2.2.5.jar;D:\maven_repo\commons-collections\commons-collections\3.2.2\commons-collections-3.2.2.jar;D:\maven_repo\com\netflix\netflix-commons\netflix-commons-util\0.1.1\netflix-commons-util-0.1.1.jar;D:\maven_repo\com\netflix\ribbon\ribbon-loadbalancer\2.2.5\ribbon-loadbalancer-2.2.5.jar;D:\maven_repo\com\netflix\netflix-commons\netflix-statistics\0.1.1\netflix-statistics-0.1.1.jar;D:\maven_repo\io\reactivex\rxjava\1.2.0\rxjava-1.2.0.jar;D:\maven_repo\com\netflix\ribbon\ribbon-eureka\2.2.5\ribbon-eureka-2.2.5.jar;D:\maven_repo\com\thoughtworks\xstream\xstream\1.4.10\xstream-1.4.10.jar;D:\maven_repo\xmlpull\xmlpull\1.1.3.1\xmlpull-1.1.3.1.jar;D:\maven_repo\xpp3\xpp3_min\1.1.4c\xpp3_min-1.1.4c.jar;D:\maven_repo\org\springframework\cloud\spring-cloud-starter-feign\1.4.4.RELEASE\spring-cloud-starter-feign-1.4.4.RELEASE.jar;D:\maven_repo\org\springframework\cloud\spring-cloud-starter-openfeign\1.4.4.RELEASE\spring-cloud-starter-openfeign-1.4.4.RELEASE.jar;D:\maven_repo\org\springframework\spring-web\4.3.14.RELEASE\spring-web-4.3.14.RELEASE.jar;D:\maven_repo\org\springframework\spring-context\4.3.14.RELEASE\spring-context-4.3.14.RELEASE.jar;D:\maven_repo\org\springframework\cloud\spring-cloud-commons\1.3.3.RELEASE\spring-cloud-commons-1.3.3.RELEASE.jar;D:\maven_repo\org\springframework\security\spring-security-crypto\4.2.4.RELEASE\spring-security-crypto-4.2.4.RELEASE.jar;D:\maven_repo\io\github\openfeign\feign-core\9.5.0\feign-core-9.5.0.jar;D:\maven_repo\org\jvnet\animal-sniffer-annotation\1.0\animal-sniffer-annotation-1.0.jar;D:\maven_repo\io\github\openfeign\feign-slf4j\9.5.0\feign-slf4j-9.5.0.jar;D:\maven_repo\io\github\openfeign\feign-hystrix\9.5.0\feign-hystrix-9.5.0.jar;D:\maven_repo\com\netflix\hystrix\hystrix-core\1.5.12\hystrix-core-1.5.12.jar;D:\maven_repo\org\hdrhistogram\HdrHistogram\2.1.9\HdrHistogram-2.1.9.jar;D:\maven_repo\org\springframework\boot\spring-boot-starter-aop\1.5.10.RELEASE\spring-boot-starter-aop-1.5.10.RELEASE.jar;D:\maven_repo\org\springframework\boot\spring-boot-starter\1.5.10.RELEASE\spring-boot-starter-1.5.10.RELEASE.jar;D:\maven_repo\org\springframework\boot\spring-boot\1.5.10.RELEASE\spring-boot-1.5.10.RELEASE.jar;D:\maven_repo\org\springframework\boot\spring-boot-autoconfigure\1.5.10.RELEASE\spring-boot-autoconfigure-1.5.10.RELEASE.jar;D:\maven_repo\org\springframework\boot\spring-boot-starter-logging\1.5.10.RELEASE\spring-boot-starter-logging-1.5.10.RELEASE.jar;D:\maven_repo\ch\qos\logback\logback-classic\1.1.11\logback-classic-1.1.11.jar;D:\maven_repo\ch\qos\logback\logback-core\1.1.11\logback-core-1.1.11.jar;D:\maven_repo\org\slf4j\jcl-over-slf4j\1.7.25\jcl-over-slf4j-1.7.25.jar;D:\maven_repo\org\slf4j\jul-to-slf4j\1.7.25\jul-to-slf4j-1.7.25.jar;D:\maven_repo\org\slf4j\log4j-over-slf4j\1.7.25\log4j-over-slf4j-1.7.25.jar;D:\maven_repo\org\yaml\snakeyaml\1.17\snakeyaml-1.17.jar;D:\maven_repo\org\springframework\spring-aop\4.3.14.RELEASE\spring-aop-4.3.14.RELEASE.jar;D:\maven_repo\org\springframework\spring-beans\4.3.14.RELEASE\spring-beans-4.3.14.RELEASE.jar;D:\maven_repo\org\aspectj\aspectjweaver\1.8.13\aspectjweaver-1.8.13.jar;D:\maven_repo\org\springframework\boot\spring-boot-starter-test\1.5.10.RELEASE\spring-boot-starter-test-1.5.10.RELEASE.jar;D:\maven_repo\org\springframework\boot\spring-boot-test\1.5.10.RELEASE\spring-boot-test-1.5.10.RELEASE.jar;D:\maven_repo\org\springframework\boot\spring-boot-test-autoconfigure\1.5.10.RELEASE\spring-boot-test-autoconfigure-1.5.10.RELEASE.jar;D:\maven_repo\com\jayway\jsonpath\json-path\2.2.0\json-path-2.2.0.jar;D:\maven_repo\net\minidev\json-smart\2.2.1\json-smart-2.2.1.jar;D:\maven_repo\net\minidev\accessors-smart\1.1\accessors-smart-1.1.jar;D:\maven_repo\org\ow2\asm\asm\5.0.3\asm-5.0.3.jar;D:\maven_repo\org\slf4j\slf4j-api\1.7.25\slf4j-api-1.7.25.jar;D:\maven_repo\junit\junit\4.12\junit-4.12.jar;D:\maven_repo\org\assertj\assertj-core\2.6.0\assertj-core-2.6.0.jar;D:\maven_repo\org\mockito\mockito-core\1.10.19\mockito-core-1.10.19.jar;D:\maven_repo\org\objenesis\objenesis\2.1\objenesis-2.1.jar;D:\maven_repo\org\hamcrest\hamcrest-core\1.3\hamcrest-core-1.3.jar;D:\maven_repo\org\hamcrest\hamcrest-library\1.3\hamcrest-library-1.3.jar;D:\maven_repo\org\skyscreamer\jsonassert\1.4.0\jsonassert-1.4.0.jar;D:\maven_repo\com\vaadin\external\google\android-json\0.0.20131108.vaadin1\android-json-0.0.20131108.vaadin1.jar;D:\maven_repo\org\springframework\spring-core\4.3.14.RELEASE\spring-core-4.3.14.RELEASE.jar;D:\maven_repo\org\springframework\spring-test\4.3.14.RELEASE\spring-test-4.3.14.RELEASE.jar;, java.specification.name=Java Platform API Specification, java.class.version=52.0, sun.management.compiler=HotSpot 64-Bit Tiered Compilers, os.version=6.1, user.home=C:\Users\liuganchao.HDSC, user.timezone=Asia/Shanghai, java.awt.printerjob=sun.awt.windows.WPrinterJob, file.encoding=GBK, java.specification.version=1.8, java.class.path=D:\workspace\sunjoy-trm\sunjoy-framework\sunjoy-framework-client\target\test-classes;D:\workspace\sunjoy-trm\sunjoy-framework\sunjoy-framework-client\target\classes;D:\maven_repo\org\springframework\cloud\spring-cloud-starter-eureka\1.4.4.RELEASE\spring-cloud-starter-eureka-1.4.4.RELEASE.jar;D:\maven_repo\org\springframework\cloud\spring-cloud-starter-netflix-eureka-client\1.4.4.RELEASE\spring-cloud-starter-netflix-eureka-client-1.4.4.RELEASE.jar;D:\maven_repo\org\springframework\boot\spring-boot-starter-web\1.5.10.RELEASE\spring-boot-starter-web-1.5.10.RELEASE.jar;D:\maven_repo\org\springframework\boot\spring-boot-starter-tomcat\1.5.10.RELEASE\spring-boot-starter-tomcat-1.5.10.RELEASE.jar;D:\maven_repo\org\apache\tomcat\embed\tomcat-embed-core\8.5.27\tomcat-embed-core-8.5.27.jar;D:\maven_repo\org\apache\tomcat\tomcat-annotations-api\8.5.27\tomcat-annotations-api-8.5.27.jar;D:\maven_repo\org\apache\tomcat\embed\tomcat-embed-el\8.5.27\tomcat-embed-el-8.5.27.jar;D:\maven_repo\org\apache\tomcat\embed\tomcat-embed-websocket\8.5.27\tomcat-embed-websocket-8.5.27.jar;D:\maven_repo\org\hibernate\hibernate-validator\5.3.6.Final\hibernate-validator-5.3.6.Final.jar;D:\maven_repo\javax\validation\validation-api\1.1.0.Final\validation-api-1.1.0.Final.jar;D:\maven_repo\org\jboss\logging\jboss-logging\3.3.1.Final\jboss-logging-3.3.1.Final.jar;D:\maven_repo\com\fasterxml\classmate\1.3.4\classmate-1.3.4.jar;D:\maven_repo\com\fasterxml\jackson\core\jackson-databind\2.8.10\jackson-databind-2.8.10.jar;D:\maven_repo\org\springframework\spring-webmvc\4.3.14.RELEASE\spring-webmvc-4.3.14.RELEASE.jar;D:\maven_repo\org\springframework\spring-expression\4.3.14.RELEASE\spring-expression-4.3.14.RELEASE.jar;D:\maven_repo\org\springframework\cloud\spring-cloud-starter\1.3.3.RELEASE\spring-cloud-starter-1.3.3.RELEASE.jar;D:\maven_repo\org\springframework\cloud\spring-cloud-context\1.3.3.RELEASE\spring-cloud-context-1.3.3.RELEASE.jar;D:\maven_repo\org\springframework\security\spring-security-rsa\1.0.3.RELEASE\spring-security-rsa-1.0.3.RELEASE.jar;D:\maven_repo\org\bouncycastle\bcpkix-jdk15on\1.55\bcpkix-jdk15on-1.55.jar;D:\maven_repo\org\bouncycastle\bcprov-jdk15on\1.55\bcprov-jdk15on-1.55.jar;D:\maven_repo\org\springframework\cloud\spring-cloud-netflix-core\1.4.4.RELEASE\spring-cloud-netflix-core-1.4.4.RELEASE.jar;D:\maven_repo\org\springframework\cloud\spring-cloud-netflix-eureka-client\1.4.4.RELEASE\spring-cloud-netflix-eureka-client-1.4.4.RELEASE.jar;D:\maven_repo\com\netflix\eureka\eureka-client\1.7.2\eureka-client-1.7.2.jar;D:\maven_repo\org\codehaus\jettison\jettison\1.3.7\jettison-1.3.7.jar;D:\maven_repo\stax\stax-api\1.0.1\stax-api-1.0.1.jar;D:\maven_repo\com\netflix\netflix-commons\netflix-eventbus\0.3.0\netflix-eventbus-0.3.0.jar;D:\maven_repo\com\netflix\netflix-commons\netflix-infix\0.3.0\netflix-infix-0.3.0.jar;D:\maven_repo\commons-jxpath\commons-jxpath\1.3\commons-jxpath-1.3.jar;D:\maven_repo\joda-time\joda-time\2.9.9\joda-time-2.9.9.jar;D:\maven_repo\org\antlr\antlr-runtime\3.4\antlr-runtime-3.4.jar;D:\maven_repo\org\antlr\stringtemplate\3.2.1\stringtemplate-3.2.1.jar;D:\maven_repo\antlr\antlr\2.7.7\antlr-2.7.7.jar;D:\maven_repo\com\google\code\gson\gson\2.8.2\gson-2.8.2.jar;D:\maven_repo\org\apache\commons\commons-math\2.2\commons-math-2.2.jar;D:\maven_repo\com\netflix\archaius\archaius-core\0.7.4\archaius-core-0.7.4.jar;D:\maven_repo\javax\ws\rs\jsr311-api\1.1.1\jsr311-api-1.1.1.jar;D:\maven_repo\com\netflix\servo\servo-core\0.10.1\servo-core-0.10.1.jar;D:\maven_repo\com\netflix\servo\servo-internal\0.10.1\servo-internal-0.10.1.jar;D:\maven_repo\com\sun\jersey\jersey-core\1.19.1\jersey-core-1.19.1.jar;D:\maven_repo\com\sun\jersey\jersey-client\1.19.1\jersey-client-1.19.1.jar;D:\maven_repo\com\sun\jersey\contribs\jersey-apache-client4\1.19.1\jersey-apache-client4-1.19.1.jar;D:\maven_repo\org\apache\httpcomponents\httpclient\4.5.5\httpclient-4.5.5.jar;D:\maven_repo\org\apache\httpcomponents\httpcore\4.4.9\httpcore-4.4.9.jar;D:\maven_repo\commons-codec\commons-codec\1.10\commons-codec-1.10.jar;D:\maven_repo\com\google\inject\guice\4.1.0\guice-4.1.0.jar;D:\maven_repo\javax\inject\javax.inject\1\javax.inject-1.jar;D:\maven_repo\aopalliance\aopalliance\1.0\aopalliance-1.0.jar;D:\maven_repo\com\fasterxml\jackson\core\jackson-annotations\2.8.0\jackson-annotations-2.8.0.jar;D:\maven_repo\com\fasterxml\jackson\core\jackson-core\2.8.10\jackson-core-2.8.10.jar;D:\maven_repo\com\netflix\eureka\eureka-core\1.7.2\eureka-core-1.7.2.jar;D:\maven_repo\org\codehaus\woodstox\woodstox-core-asl\4.4.1\woodstox-core-asl-4.4.1.jar;D:\maven_repo\javax\xml\stream\stax-api\1.0-2\stax-api-1.0-2.jar;D:\maven_repo\org\codehaus\woodstox\stax2-api\3.1.4\stax2-api-3.1.4.jar;D:\maven_repo\org\springframework\cloud\spring-cloud-starter-netflix-archaius\1.4.4.RELEASE\spring-cloud-starter-netflix-archaius-1.4.4.RELEASE.jar;D:\maven_repo\commons-configuration\commons-configuration\1.8\commons-configuration-1.8.jar;D:\maven_repo\commons-lang\commons-lang\2.6\commons-lang-2.6.jar;D:\maven_repo\com\google\guava\guava\19.0\guava-19.0.jar;D:\maven_repo\org\springframework\cloud\spring-cloud-starter-netflix-ribbon\1.4.4.RELEASE\spring-cloud-starter-netflix-ribbon-1.4.4.RELEASE.jar;D:\maven_repo\com\netflix\ribbon\ribbon\2.2.5\ribbon-2.2.5.jar;D:\maven_repo\com\netflix\ribbon\ribbon-transport\2.2.5\ribbon-transport-2.2.5.jar;D:\maven_repo\io\reactivex\rxnetty-contexts\0.4.9\rxnetty-contexts-0.4.9.jar;D:\maven_repo\io\reactivex\rxnetty-servo\0.4.9\rxnetty-servo-0.4.9.jar;D:\maven_repo\io\reactivex\rxnetty\0.4.9\rxnetty-0.4.9.jar;D:\maven_repo\io\netty\netty-codec-http\4.0.27.Final\netty-codec-http-4.0.27.Final.jar;D:\maven_repo\io\netty\netty-codec\4.0.27.Final\netty-codec-4.0.27.Final.jar;D:\maven_repo\io\netty\netty-handler\4.0.27.Final\netty-handler-4.0.27.Final.jar;D:\maven_repo\io\netty\netty-transport-native-epoll\4.0.27.Final\netty-transport-native-epoll-4.0.27.Final.jar;D:\maven_repo\io\netty\netty-common\4.0.27.Final\netty-common-4.0.27.Final.jar;D:\maven_repo\io\netty\netty-buffer\4.0.27.Final\netty-buffer-4.0.27.Final.jar;D:\maven_repo\io\netty\netty-transport\4.0.27.Final\netty-transport-4.0.27.Final.jar;D:\maven_repo\com\netflix\ribbon\ribbon-core\2.2.5\ribbon-core-2.2.5.jar;D:\maven_repo\com\netflix\ribbon\ribbon-httpclient\2.2.5\ribbon-httpclient-2.2.5.jar;D:\maven_repo\commons-collections\commons-collections\3.2.2\commons-collections-3.2.2.jar;D:\maven_repo\com\netflix\netflix-commons\netflix-commons-util\0.1.1\netflix-commons-util-0.1.1.jar;D:\maven_repo\com\netflix\ribbon\ribbon-loadbalancer\2.2.5\ribbon-loadbalancer-2.2.5.jar;D:\maven_repo\com\netflix\netflix-commons\netflix-statistics\0.1.1\netflix-statistics-0.1.1.jar;D:\maven_repo\io\reactivex\rxjava\1.2.0\rxjava-1.2.0.jar;D:\maven_repo\com\netflix\ribbon\ribbon-eureka\2.2.5\ribbon-eureka-2.2.5.jar;D:\maven_repo\com\thoughtworks\xstream\xstream\1.4.10\xstream-1.4.10.jar;D:\maven_repo\xmlpull\xmlpull\1.1.3.1\xmlpull-1.1.3.1.jar;D:\maven_repo\xpp3\xpp3_min\1.1.4c\xpp3_min-1.1.4c.jar;D:\maven_repo\org\springframework\cloud\spring-cloud-starter-feign\1.4.4.RELEASE\spring-cloud-starter-feign-1.4.4.RELEASE.jar;D:\maven_repo\org\springframework\cloud\spring-cloud-starter-openfeign\1.4.4.RELEASE\spring-cloud-starter-openfeign-1.4.4.RELEASE.jar;D:\maven_repo\org\springframework\spring-web\4.3.14.RELEASE\spring-web-4.3.14.RELEASE.jar;D:\maven_repo\org\springframework\spring-context\4.3.14.RELEASE\spring-context-4.3.14.RELEASE.jar;D:\maven_repo\org\springframework\cloud\spring-cloud-commons\1.3.3.RELEASE\spring-cloud-commons-1.3.3.RELEASE.jar;D:\maven_repo\org\springframework\security\spring-security-crypto\4.2.4.RELEASE\spring-security-crypto-4.2.4.RELEASE.jar;D:\maven_repo\io\github\openfeign\feign-core\9.5.0\feign-core-9.5.0.jar;D:\maven_repo\org\jvnet\animal-sniffer-annotation\1.0\animal-sniffer-annotation-1.0.jar;D:\maven_repo\io\github\openfeign\feign-slf4j\9.5.0\feign-slf4j-9.5.0.jar;D:\maven_repo\io\github\openfeign\feign-hystrix\9.5.0\feign-hystrix-9.5.0.jar;D:\maven_repo\com\netflix\hystrix\hystrix-core\1.5.12\hystrix-core-1.5.12.jar;D:\maven_repo\org\hdrhistogram\HdrHistogram\2.1.9\HdrHistogram-2.1.9.jar;D:\maven_repo\org\springframework\boot\spring-boot-starter-aop\1.5.10.RELEASE\spring-boot-starter-aop-1.5.10.RELEASE.jar;D:\maven_repo\org\springframework\boot\spring-boot-starter\1.5.10.RELEASE\spring-boot-starter-1.5.10.RELEASE.jar;D:\maven_repo\org\springframework\boot\spring-boot\1.5.10.RELEASE\spring-boot-1.5.10.RELEASE.jar;D:\maven_repo\org\springframework\boot\spring-boot-autoconfigure\1.5.10.RELEASE\spring-boot-autoconfigure-1.5.10.RELEASE.jar;D:\maven_repo\org\springframework\boot\spring-boot-starter-logging\1.5.10.RELEASE\spring-boot-starter-logging-1.5.10.RELEASE.jar;D:\maven_repo\ch\qos\logback\logback-classic\1.1.11\logback-classic-1.1.11.jar;D:\maven_repo\ch\qos\logback\logback-core\1.1.11\logback-core-1.1.11.jar;D:\maven_repo\org\slf4j\jcl-over-slf4j\1.7.25\jcl-over-slf4j-1.7.25.jar;D:\maven_repo\org\slf4j\jul-to-slf4j\1.7.25\jul-to-slf4j-1.7.25.jar;D:\maven_repo\org\slf4j\log4j-over-slf4j\1.7.25\log4j-over-slf4j-1.7.25.jar;D:\maven_repo\org\yaml\snakeyaml\1.17\snakeyaml-1.17.jar;D:\maven_repo\org\springframework\spring-aop\4.3.14.RELEASE\spring-aop-4.3.14.RELEASE.jar;D:\maven_repo\org\springframework\spring-beans\4.3.14.RELEASE\spring-beans-4.3.14.RELEASE.jar;D:\maven_repo\org\aspectj\aspectjweaver\1.8.13\aspectjweaver-1.8.13.jar;D:\maven_repo\org\springframework\boot\spring-boot-starter-test\1.5.10.RELEASE\spring-boot-starter-test-1.5.10.RELEASE.jar;D:\maven_repo\org\springframework\boot\spring-boot-test\1.5.10.RELEASE\spring-boot-test-1.5.10.RELEASE.jar;D:\maven_repo\org\springframework\boot\spring-boot-test-autoconfigure\1.5.10.RELEASE\spring-boot-test-autoconfigure-1.5.10.RELEASE.jar;D:\maven_repo\com\jayway\jsonpath\json-path\2.2.0\json-path-2.2.0.jar;D:\maven_repo\net\minidev\json-smart\2.2.1\json-smart-2.2.1.jar;D:\maven_repo\net\minidev\accessors-smart\1.1\accessors-smart-1.1.jar;D:\maven_repo\org\ow2\asm\asm\5.0.3\asm-5.0.3.jar;D:\maven_repo\org\slf4j\slf4j-api\1.7.25\slf4j-api-1.7.25.jar;D:\maven_repo\junit\junit\4.12\junit-4.12.jar;D:\maven_repo\org\assertj\assertj-core\2.6.0\assertj-core-2.6.0.jar;D:\maven_repo\org\mockito\mockito-core\1.10.19\mockito-core-1.10.19.jar;D:\maven_repo\org\objenesis\objenesis\2.1\objenesis-2.1.jar;D:\maven_repo\org\hamcrest\hamcrest-core\1.3\hamcrest-core-1.3.jar;D:\maven_repo\org\hamcrest\hamcrest-library\1.3\hamcrest-library-1.3.jar;D:\maven_repo\org\skyscreamer\jsonassert\1.4.0\jsonassert-1.4.0.jar;D:\maven_repo\com\vaadin\external\google\android-json\0.0.20131108.vaadin1\android-json-0.0.20131108.vaadin1.jar;D:\maven_repo\org\springframework\spring-core\4.3.14.RELEASE\spring-core-4.3.14.RELEASE.jar;D:\maven_repo\org\springframework\spring-test\4.3.14.RELEASE\spring-test-4.3.14.RELEASE.jar;, user.name=liuganchao, java.vm.specification.version=1.8, sun.java.command=D:\workspace\sunjoy-trm\sunjoy-framework\sunjoy-framework-client\target\surefire\surefirebooter5780816618148337850.jar D:\workspace\sunjoy-trm\sunjoy-framework\sunjoy-framework-client\target\surefire\surefire195127846163290100tmp D:\workspace\sunjoy-trm\sunjoy-framework\sunjoy-framework-client\target\surefire\surefire_08871879210459601624tmp, java.home=C:\Program Files\Java\jdk1.8.0_151\jre, sun.arch.data.model=64, user.language=zh, java.specification.vendor=Oracle Corporation, awt.toolkit=sun.awt.windows.WToolkit, java.vm.info=mixed mode, java.version=1.8.0_151, java.ext.dirs=C:\Program Files\Java\jdk1.8.0_151\jre\lib\ext;C:\Windows\Sun\Java\lib\ext, sun.boot.class.path=C:\Program Files\Java\jdk1.8.0_151\jre\lib\resources.jar;C:\Program Files\Java\jdk1.8.0_151\jre\lib\rt.jar;C:\Program Files\Java\jdk1.8.0_151\jre\lib\sunrsasign.jar;C:\Program Files\Java\jdk1.8.0_151\jre\lib\jsse.jar;C:\Program Files\Java\jdk1.8.0_151\jre\lib\jce.jar;C:\Program Files\Java\jdk1.8.0_151\jre\lib\charsets.jar;C:\Program Files\Java\jdk1.8.0_151\jre\lib\jfr.jar;C:\Program Files\Java\jdk1.8.0_151\jre\classes, java.vendor=Oracle Corporation, localRepository=D:\maven_repo, file.separator=\, java.vendor.url.bug=http://bugreport.sun.com/bugreport/, sun.io.unicode.encoding=UnicodeLittle, sun.cpu.endian=little, sun.desktop=windows, sun.cpu.isalist=amd64}}, SystemEnvironmentPropertySource@1667689440 {name='systemEnvironment', properties={PATH=C:/Program Files/Java/jdk1.8.0_151/bin/../jre/bin/server;C:/Program Files/Java/jdk1.8.0_151/bin/../jre/bin;C:/Program Files/Java/jdk1.8.0_151/bin/../jre/lib/amd64;.;D:\installed\gradle-4.5\bin;C:\Program Files\Java\jdk1.8.0_151\bin;C:\ProgramData\Oracle\Java\javapath;C:\Program Files (x86)\Intel\iCLS Client\;C:\Program Files\Intel\iCLS Client\;C:\Windows\system32;C:\Windows;C:\Windows\System32\Wbem;C:\Windows\System32\WindowsPowerShell\v1.0\;C:\Program Files (x86)\Intel\UCRT\;C:\Program Files\Intel\UCRT\;C:\Program Files (x86)\Intel\Intel(R) Management Engine Components\DAL;C:\Program Files\Intel\Intel(R) Management Engine Components\DAL;C:\Program Files (x86)\Intel\Intel(R) Management Engine Components\IPT;C:\Program Files\Intel\Intel(R) Management Engine Components\IPT;C:\Program Files\nodejs\;C:\Program Files\TortoiseSVN\bin;C:\Program Files\Git\cmd;C:\Program Files\TortoiseGit\bin;C:\Program Files\PuTTY\;C:\Users\liuganchao.HDSC\AppData\Roaming\npm\node_modules\vue-cli\\bin;D:\installed\eclipse;, LOCALAPPDATA=C:\Users\liuganchao.HDSC\AppData\Local, PROCESSOR_LEVEL=6, SYSTEMDRIVE=C:, COMMONPROGRAMFILES(X86)=C:\Program Files (x86)\Common Files, FP_NO_HOST_CHECK=NO, USERDOMAIN=HDSC, LOGONSERVER=\\ZCBDC229VW, JAVA_HOME=C:\Program Files\Java\jdk1.8.0_151, PROMPT=$P$G, SESSIONNAME=Console, ALLUSERSPROFILE=C:\ProgramData, PROGRAMFILES(X86)=C:\Program Files (x86), PROCESSOR_ARCHITECTURE=AMD64, GRADLE_HOME=D:\installed\gradle-4.5, PROGRAMFILES=C:\Program Files, WINDOWS_TRACING_FLAGS=3, APPDATA=C:\Users\liuganchao.HDSC\AppData\Roaming, PSMODULEPATH=C:\Windows\system32\WindowsPowerShell\v1.0\Modules\, PROGRAMW6432=C:\Program Files, PROGRAMDATA=C:\ProgramData, SYSTEMROOT=C:\Windows, USERNAME=liuganchao, USERDNSDOMAIN=HDSC.COM, PATHEXT=.COM;.EXE;.BAT;.CMD;.VBS;.VBE;.JS;.JSE;.WSF;.WSH;.MSC, OS=Windows_NT, COMMONPROGRAMW6432=C:\Program Files\Common Files, COMPUTERNAME=ZC300017PC1, COMMONPROGRAMFILES=C:\Program Files\Common Files, COMSPEC=C:\Windows\system32\cmd.exe, PROCESSOR_REVISION=5e03, WINDIR=C:\Windows, =D:=D:\workspace\sunjoy-trm\sunjoy-framework\sunjoy-framework-client, HOMEPATH=\Users\liuganchao.HDSC, TEMP=C:\Users\LIUGAN~1.HDS\AppData\Local\Temp, VUE_CLI_HOME=C:\Users\liuganchao.HDSC\AppData\Roaming\npm\node_modules\vue-cli\, HOMEDRIVE=C:, PROCESSOR_IDENTIFIER=Intel64 Family 6 Model 94 Stepping 3, GenuineIntel, USERPROFILE=C:\Users\liuganchao.HDSC, TMP=C:\Users\LIUGAN~1.HDS\AppData\Local\Temp, WINDOWS_TRACING_LOGFILE=C:\BVTBin\Tests\installpackage\csilogfile.log, PUBLIC=C:\Users\Public, NUMBER_OF_PROCESSORS=4, =::=::\}}]
15:15:16.091 [main] DEBUG org.springframework.core.io.support.PathMatchingResourcePatternResolver - Resolved classpath location [com/sunjoy/trm/security/] to resources [URL [file:/D:/workspace/sunjoy-trm/sunjoy-framework/sunjoy-framework-client/target/test-classes/com/sunjoy/trm/security/]]
15:15:16.091 [main] DEBUG org.springframework.core.io.support.PathMatchingResourcePatternResolver - Looking for matching resources in directory tree [D:\workspace\sunjoy-trm\sunjoy-framework\sunjoy-framework-client\target\test-classes\com\sunjoy\trm\security]
15:15:16.091 [main] DEBUG org.springframework.core.io.support.PathMatchingResourcePatternResolver - Searching directory [D:\workspace\sunjoy-trm\sunjoy-framework\sunjoy-framework-client\target\test-classes\com\sunjoy\trm\security] for files matching pattern [D:/workspace/sunjoy-trm/sunjoy-framework/sunjoy-framework-client/target/test-classes/com/sunjoy/trm/security/*.class]
15:15:16.092 [main] DEBUG org.springframework.core.io.support.PathMatchingResourcePatternResolver - Resolved location pattern [classpath*:com/sunjoy/trm/security/*.class] to resources [file [D:\workspace\sunjoy-trm\sunjoy-framework\sunjoy-framework-client\target\test-classes\com\sunjoy\trm\security\TrmWebApplicationTests.class]]
15:15:16.094 [main] DEBUG org.springframework.core.io.support.PathMatchingResourcePatternResolver - Resolved classpath location [com/sunjoy/trm/] to resources [URL [file:/D:/workspace/sunjoy-trm/sunjoy-framework/sunjoy-framework-client/target/test-classes/com/sunjoy/trm/]]
15:15:16.094 [main] DEBUG org.springframework.core.io.support.PathMatchingResourcePatternResolver - Looking for matching resources in directory tree [D:\workspace\sunjoy-trm\sunjoy-framework\sunjoy-framework-client\target\test-classes\com\sunjoy\trm]
15:15:16.094 [main] DEBUG org.springframework.core.io.support.PathMatchingResourcePatternResolver - Searching directory [D:\workspace\sunjoy-trm\sunjoy-framework\sunjoy-framework-client\target\test-classes\com\sunjoy\trm] for files matching pattern [D:/workspace/sunjoy-trm/sunjoy-framework/sunjoy-framework-client/target/test-classes/com/sunjoy/trm/*.class]
15:15:16.094 [main] DEBUG org.springframework.core.io.support.PathMatchingResourcePatternResolver - Resolved location pattern [classpath*:com/sunjoy/trm/*.class] to resources []
15:15:16.095 [main] DEBUG org.springframework.core.io.support.PathMatchingResourcePatternResolver - Resolved classpath location [com/sunjoy/] to resources [URL [file:/D:/workspace/sunjoy-trm/sunjoy-framework/sunjoy-framework-client/target/test-classes/com/sunjoy/], URL [file:/D:/workspace/sunjoy-trm/sunjoy-framework/sunjoy-framework-client/target/classes/com/sunjoy/]]
15:15:16.095 [main] DEBUG org.springframework.core.io.support.PathMatchingResourcePatternResolver - Looking for matching resources in directory tree [D:\workspace\sunjoy-trm\sunjoy-framework\sunjoy-framework-client\target\test-classes\com\sunjoy]
15:15:16.095 [main] DEBUG org.springframework.core.io.support.PathMatchingResourcePatternResolver - Searching directory [D:\workspace\sunjoy-trm\sunjoy-framework\sunjoy-framework-client\target\test-classes\com\sunjoy] for files matching pattern [D:/workspace/sunjoy-trm/sunjoy-framework/sunjoy-framework-client/target/test-classes/com/sunjoy/*.class]
15:15:16.095 [main] DEBUG org.springframework.core.io.support.PathMatchingResourcePatternResolver - Looking for matching resources in directory tree [D:\workspace\sunjoy-trm\sunjoy-framework\sunjoy-framework-client\target\classes\com\sunjoy]
15:15:16.095 [main] DEBUG org.springframework.core.io.support.PathMatchingResourcePatternResolver - Searching directory [D:\workspace\sunjoy-trm\sunjoy-framework\sunjoy-framework-client\target\classes\com\sunjoy] for files matching pattern [D:/workspace/sunjoy-trm/sunjoy-framework/sunjoy-framework-client/target/classes/com/sunjoy/*.class]
15:15:16.096 [main] DEBUG org.springframework.core.io.support.PathMatchingResourcePatternResolver - Resolved location pattern [classpath*:com/sunjoy/*.class] to resources []
15:15:16.100 [main] DEBUG org.springframework.core.io.support.PathMatchingResourcePatternResolver - Resolved classpath location [com/] to resources [URL [file:/D:/workspace/sunjoy-trm/sunjoy-framework/sunjoy-framework-client/target/test-classes/com/], URL [file:/D:/workspace/sunjoy-trm/sunjoy-framework/sunjoy-framework-client/target/classes/com/], URL [jar:file:/D:/maven_repo/com/fasterxml/classmate/1.3.4/classmate-1.3.4.jar!/com/], URL [jar:file:/D:/maven_repo/com/fasterxml/jackson/core/jackson-databind/2.8.10/jackson-databind-2.8.10.jar!/com/], URL [jar:file:/D:/maven_repo/com/netflix/eureka/eureka-client/1.7.2/eureka-client-1.7.2.jar!/com/], URL [jar:file:/D:/maven_repo/com/netflix/netflix-commons/netflix-eventbus/0.3.0/netflix-eventbus-0.3.0.jar!/com/], URL [jar:file:/D:/maven_repo/com/netflix/netflix-commons/netflix-infix/0.3.0/netflix-infix-0.3.0.jar!/com/], URL [jar:file:/D:/maven_repo/com/google/code/gson/gson/2.8.2/gson-2.8.2.jar!/com/], URL [jar:file:/D:/maven_repo/com/netflix/archaius/archaius-core/0.7.4/archaius-core-0.7.4.jar!/com/], URL [jar:file:/D:/maven_repo/com/netflix/servo/servo-core/0.10.1/servo-core-0.10.1.jar!/com/], URL [jar:file:/D:/maven_repo/com/netflix/servo/servo-internal/0.10.1/servo-internal-0.10.1.jar!/com/], URL [jar:file:/D:/maven_repo/com/sun/jersey/jersey-core/1.19.1/jersey-core-1.19.1.jar!/com/], URL [jar:file:/D:/maven_repo/com/sun/jersey/jersey-client/1.19.1/jersey-client-1.19.1.jar!/com/], URL [jar:file:/D:/maven_repo/com/sun/jersey/contribs/jersey-apache-client4/1.19.1/jersey-apache-client4-1.19.1.jar!/com/], URL [jar:file:/D:/maven_repo/com/google/inject/guice/4.1.0/guice-4.1.0.jar!/com/], URL [jar:file:/D:/maven_repo/com/fasterxml/jackson/core/jackson-annotations/2.8.0/jackson-annotations-2.8.0.jar!/com/], URL [jar:file:/D:/maven_repo/com/fasterxml/jackson/core/jackson-core/2.8.10/jackson-core-2.8.10.jar!/com/], URL [jar:file:/D:/maven_repo/com/netflix/eureka/eureka-core/1.7.2/eureka-core-1.7.2.jar!/com/], URL [jar:file:/D:/maven_repo/org/codehaus/woodstox/woodstox-core-asl/4.4.1/woodstox-core-asl-4.4.1.jar!/com/], URL [jar:file:/D:/maven_repo/com/google/guava/guava/19.0/guava-19.0.jar!/com/], URL [jar:file:/D:/maven_repo/com/netflix/ribbon/ribbon/2.2.5/ribbon-2.2.5.jar!/com/], URL [jar:file:/D:/maven_repo/com/netflix/ribbon/ribbon-transport/2.2.5/ribbon-transport-2.2.5.jar!/com/], URL [jar:file:/D:/maven_repo/io/reactivex/rxnetty-contexts/0.4.9/rxnetty-contexts-0.4.9.jar!/com/], URL [jar:file:/D:/maven_repo/com/netflix/ribbon/ribbon-core/2.2.5/ribbon-core-2.2.5.jar!/com/], URL [jar:file:/D:/maven_repo/com/netflix/ribbon/ribbon-httpclient/2.2.5/ribbon-httpclient-2.2.5.jar!/com/], URL [jar:file:/D:/maven_repo/com/netflix/netflix-commons/netflix-commons-util/0.1.1/netflix-commons-util-0.1.1.jar!/com/], URL [jar:file:/D:/maven_repo/com/netflix/ribbon/ribbon-loadbalancer/2.2.5/ribbon-loadbalancer-2.2.5.jar!/com/], URL [jar:file:/D:/maven_repo/com/netflix/netflix-commons/netflix-statistics/0.1.1/netflix-statistics-0.1.1.jar!/com/], URL [jar:file:/D:/maven_repo/com/netflix/ribbon/ribbon-eureka/2.2.5/ribbon-eureka-2.2.5.jar!/com/], URL [jar:file:/D:/maven_repo/com/thoughtworks/xstream/xstream/1.4.10/xstream-1.4.10.jar!/com/], URL [jar:file:/D:/maven_repo/com/netflix/hystrix/hystrix-core/1.5.12/hystrix-core-1.5.12.jar!/com/], URL [jar:file:/D:/maven_repo/com/jayway/jsonpath/json-path/2.2.0/json-path-2.2.0.jar!/com/]]
15:15:16.100 [main] DEBUG org.springframework.core.io.support.PathMatchingResourcePatternResolver - Looking for matching resources in directory tree [D:\workspace\sunjoy-trm\sunjoy-framework\sunjoy-framework-client\target\test-classes\com]
15:15:16.100 [main] DEBUG org.springframework.core.io.support.PathMatchingResourcePatternResolver - Searching directory [D:\workspace\sunjoy-trm\sunjoy-framework\sunjoy-framework-client\target\test-classes\com] for files matching pattern [D:/workspace/sunjoy-trm/sunjoy-framework/sunjoy-framework-client/target/test-classes/com/*.class]
15:15:16.100 [main] DEBUG org.springframework.core.io.support.PathMatchingResourcePatternResolver - Looking for matching resources in directory tree [D:\workspace\sunjoy-trm\sunjoy-framework\sunjoy-framework-client\target\classes\com]
15:15:16.100 [main] DEBUG org.springframework.core.io.support.PathMatchingResourcePatternResolver - Searching directory [D:\workspace\sunjoy-trm\sunjoy-framework\sunjoy-framework-client\target\classes\com] for files matching pattern [D:/workspace/sunjoy-trm/sunjoy-framework/sunjoy-framework-client/target/classes/com/*.class]
15:15:16.101 [main] DEBUG org.springframework.core.io.support.PathMatchingResourcePatternResolver - Looking for matching resources in jar file [file:/D:/maven_repo/com/fasterxml/classmate/1.3.4/classmate-1.3.4.jar]
15:15:16.101 [main] DEBUG org.springframework.core.io.support.PathMatchingResourcePatternResolver - Looking for matching resources in jar file [file:/D:/maven_repo/com/fasterxml/jackson/core/jackson-databind/2.8.10/jackson-databind-2.8.10.jar]
15:15:16.104 [main] DEBUG org.springframework.core.io.support.PathMatchingResourcePatternResolver - Looking for matching resources in jar file [file:/D:/maven_repo/com/netflix/eureka/eureka-client/1.7.2/eureka-client-1.7.2.jar]
15:15:16.105 [main] DEBUG org.springframework.core.io.support.PathMatchingResourcePatternResolver - Looking for matching resources in jar file [file:/D:/maven_repo/com/netflix/netflix-commons/netflix-eventbus/0.3.0/netflix-eventbus-0.3.0.jar]
15:15:16.106 [main] DEBUG org.springframework.core.io.support.PathMatchingResourcePatternResolver - Looking for matching resources in jar file [file:/D:/maven_repo/com/netflix/netflix-commons/netflix-infix/0.3.0/netflix-infix-0.3.0.jar]
15:15:16.107 [main] DEBUG org.springframework.core.io.support.PathMatchingResourcePatternResolver - Looking for matching resources in jar file [file:/D:/maven_repo/com/google/code/gson/gson/2.8.2/gson-2.8.2.jar]
15:15:16.107 [main] DEBUG org.springframework.core.io.support.PathMatchingResourcePatternResolver - Looking for matching resources in jar file [file:/D:/maven_repo/com/netflix/archaius/archaius-core/0.7.4/archaius-core-0.7.4.jar]
15:15:16.108 [main] DEBUG org.springframework.core.io.support.PathMatchingResourcePatternResolver - Looking for matching resources in jar file [file:/D:/maven_repo/com/netflix/servo/servo-core/0.10.1/servo-core-0.10.1.jar]
15:15:16.108 [main] DEBUG org.springframework.core.io.support.PathMatchingResourcePatternResolver - Looking for matching resources in jar file [file:/D:/maven_repo/com/netflix/servo/servo-internal/0.10.1/servo-internal-0.10.1.jar]
15:15:16.109 [main] DEBUG org.springframework.core.io.support.PathMatchingResourcePatternResolver - Looking for matching resources in jar file [file:/D:/maven_repo/com/sun/jersey/jersey-core/1.19.1/jersey-core-1.19.1.jar]
15:15:16.110 [main] DEBUG org.springframework.core.io.support.PathMatchingResourcePatternResolver - Looking for matching resources in jar file [file:/D:/maven_repo/com/sun/jersey/jersey-client/1.19.1/jersey-client-1.19.1.jar]
15:15:16.111 [main] DEBUG org.springframework.core.io.support.PathMatchingResourcePatternResolver - Looking for matching resources in jar file [file:/D:/maven_repo/com/sun/jersey/contribs/jersey-apache-client4/1.19.1/jersey-apache-client4-1.19.1.jar]
15:15:16.111 [main] DEBUG org.springframework.core.io.support.PathMatchingResourcePatternResolver - Looking for matching resources in jar file [file:/D:/maven_repo/com/google/inject/guice/4.1.0/guice-4.1.0.jar]
15:15:16.112 [main] DEBUG org.springframework.core.io.support.PathMatchingResourcePatternResolver - Looking for matching resources in jar file [file:/D:/maven_repo/com/fasterxml/jackson/core/jackson-annotations/2.8.0/jackson-annotations-2.8.0.jar]
15:15:16.113 [main] DEBUG org.springframework.core.io.support.PathMatchingResourcePatternResolver - Looking for matching resources in jar file [file:/D:/maven_repo/com/fasterxml/jackson/core/jackson-core/2.8.10/jackson-core-2.8.10.jar]
15:15:16.113 [main] DEBUG org.springframework.core.io.support.PathMatchingResourcePatternResolver - Looking for matching resources in jar file [file:/D:/maven_repo/com/netflix/eureka/eureka-core/1.7.2/eureka-core-1.7.2.jar]
15:15:16.114 [main] DEBUG org.springframework.core.io.support.PathMatchingResourcePatternResolver - Looking for matching resources in jar file [file:/D:/maven_repo/org/codehaus/woodstox/woodstox-core-asl/4.4.1/woodstox-core-asl-4.4.1.jar]
15:15:16.115 [main] DEBUG org.springframework.core.io.support.PathMatchingResourcePatternResolver - Looking for matching resources in jar file [file:/D:/maven_repo/com/google/guava/guava/19.0/guava-19.0.jar]
15:15:16.119 [main] DEBUG org.springframework.core.io.support.PathMatchingResourcePatternResolver - Looking for matching resources in jar file [file:/D:/maven_repo/com/netflix/ribbon/ribbon/2.2.5/ribbon-2.2.5.jar]
15:15:16.119 [main] DEBUG org.springframework.core.io.support.PathMatchingResourcePatternResolver - Looking for matching resources in jar file [file:/D:/maven_repo/com/netflix/ribbon/ribbon-transport/2.2.5/ribbon-transport-2.2.5.jar]
15:15:16.120 [main] DEBUG org.springframework.core.io.support.PathMatchingResourcePatternResolver - Looking for matching resources in jar file [file:/D:/maven_repo/io/reactivex/rxnetty-contexts/0.4.9/rxnetty-contexts-0.4.9.jar]
15:15:16.120 [main] DEBUG org.springframework.core.io.support.PathMatchingResourcePatternResolver - Looking for matching resources in jar file [file:/D:/maven_repo/com/netflix/ribbon/ribbon-core/2.2.5/ribbon-core-2.2.5.jar]
15:15:16.120 [main] DEBUG org.springframework.core.io.support.PathMatchingResourcePatternResolver - Looking for matching resources in jar file [file:/D:/maven_repo/com/netflix/ribbon/ribbon-httpclient/2.2.5/ribbon-httpclient-2.2.5.jar]
15:15:16.121 [main] DEBUG org.springframework.core.io.support.PathMatchingResourcePatternResolver - Looking for matching resources in jar file [file:/D:/maven_repo/com/netflix/netflix-commons/netflix-commons-util/0.1.1/netflix-commons-util-0.1.1.jar]
15:15:16.121 [main] DEBUG org.springframework.core.io.support.PathMatchingResourcePatternResolver - Looking for matching resources in jar file [file:/D:/maven_repo/com/netflix/ribbon/ribbon-loadbalancer/2.2.5/ribbon-loadbalancer-2.2.5.jar]
15:15:16.122 [main] DEBUG org.springframework.core.io.support.PathMatchingResourcePatternResolver - Looking for matching resources in jar file [file:/D:/maven_repo/com/netflix/netflix-commons/netflix-statistics/0.1.1/netflix-statistics-0.1.1.jar]
15:15:16.122 [main] DEBUG org.springframework.core.io.support.PathMatchingResourcePatternResolver - Looking for matching resources in jar file [file:/D:/maven_repo/com/netflix/ribbon/ribbon-eureka/2.2.5/ribbon-eureka-2.2.5.jar]
15:15:16.122 [main] DEBUG org.springframework.core.io.support.PathMatchingResourcePatternResolver - Looking for matching resources in jar file [file:/D:/maven_repo/com/thoughtworks/xstream/xstream/1.4.10/xstream-1.4.10.jar]
15:15:16.133 [main] DEBUG org.springframework.core.io.support.PathMatchingResourcePatternResolver - Looking for matching resources in jar file [file:/D:/maven_repo/com/netflix/hystrix/hystrix-core/1.5.12/hystrix-core-1.5.12.jar]
15:15:16.134 [main] DEBUG org.springframework.core.io.support.PathMatchingResourcePatternResolver - Looking for matching resources in jar file [file:/D:/maven_repo/com/jayway/jsonpath/json-path/2.2.0/json-path-2.2.0.jar]
15:15:16.135 [main] DEBUG org.springframework.core.io.support.PathMatchingResourcePatternResolver - Resolved location pattern [classpath*:com/*.class] to resources []
]]></system-out>
  </testcase>
</testsuite>